<?xml version="1.0"?>
<testsuites>
  <testsuite name="Chrome 43.0.2357 (Mac OS X 10.9.5)" package="coralui" timestamp="2015-06-08T23:28:29" id="0" hostname="brownlee-mbp.local" tests="939" errors="0" failures="0" time="15.442">
    <properties>
      <property name="browser.fullName" value="Mozilla/5.0 (Macintosh; Intel Mac OS X 10_9_5) AppleWebKit/537.36 (KHTML, like Gecko) Chrome/43.0.2357.65 Safari/537.36"/>
    </properties>
    <testcase name="should be defined" time="0.001" classname="coralui Chrome 43.0.2357 (Mac OS X 10.9.5).Coral_Accordion namespace"/>
    <testcase name="should define the variants in an enum" time="0" classname="coralui Chrome 43.0.2357 (Mac OS X 10.9.5).Coral_Accordion namespace"/>
    <testcase name="#items cannot be set" time="0.001" classname="coralui Chrome 43.0.2357 (Mac OS X 10.9.5).Coral_Accordion API"/>
    <testcase name="#items should default to 0" time="0.001" classname="coralui Chrome 43.0.2357 (Mac OS X 10.9.5).Coral_Accordion API"/>
    <testcase name="#set multiple should return set value" time="0.001" classname="coralui Chrome 43.0.2357 (Mac OS X 10.9.5).Coral_Accordion API"/>
    <testcase name="triggers coral-collection:add on appendChild" time="0.022" classname="coralui Chrome 43.0.2357 (Mac OS X 10.9.5).Coral_Accordion API"/>
    <testcase name="triggers coral-collection:remove on removeChild" time="0.037" classname="coralui Chrome 43.0.2357 (Mac OS X 10.9.5).Coral_Accordion API"/>
    <testcase name="#add should support config to create an item" time="0.009" classname="coralui Chrome 43.0.2357 (Mac OS X 10.9.5).Coral_Accordion API"/>
    <testcase name="#add with before null should insert at the end" time="0.012" classname="coralui Chrome 43.0.2357 (Mac OS X 10.9.5).Coral_Accordion API"/>
    <testcase name="#add is able to insert before" time="0.016" classname="coralui Chrome 43.0.2357 (Mac OS X 10.9.5).Coral_Accordion API"/>
    <testcase name="#getAll should be empty initially" time="0" classname="coralui Chrome 43.0.2357 (Mac OS X 10.9.5).Coral_Accordion API"/>
    <testcase name="#clear should remove all items" time="0.023" classname="coralui Chrome 43.0.2357 (Mac OS X 10.9.5).Coral_Accordion API"/>
    <testcase name="should default to null" time="0" classname="coralui Chrome 43.0.2357 (Mac OS X 10.9.5).Coral_Accordion API #selectedItem"/>
    <testcase name="should take the last selected if not multiple, post init" time="0.021" classname="coralui Chrome 43.0.2357 (Mac OS X 10.9.5).Coral_Accordion API #selectedItem"/>
    <testcase name="should take the first selected on multiple, post init" time="0.03" classname="coralui Chrome 43.0.2357 (Mac OS X 10.9.5).Coral_Accordion API #selectedItem"/>
    <testcase name="should be an accordion" time="0.022" classname="coralui Chrome 43.0.2357 (Mac OS X 10.9.5).Coral_Accordion from markup"/>
    <testcase name="should have role=tablist" time="0.015" classname="coralui Chrome 43.0.2357 (Mac OS X 10.9.5).Coral_Accordion from markup"/>
    <testcase name="should expand collapsible in accordion" time="0.033" classname="coralui Chrome 43.0.2357 (Mac OS X 10.9.5).Coral_Accordion from markup imperative API"/>
    <testcase name="should update the active panel on selection changing" time="0.026" classname="coralui Chrome 43.0.2357 (Mac OS X 10.9.5).Coral_Accordion from markup imperative API"/>
    <testcase name="should expand pannel in accordion when header is clicked" time="0.034" classname="coralui Chrome 43.0.2357 (Mac OS X 10.9.5).Coral_Accordion from markup imperative API user interaction"/>
    <testcase name="should collapse expanded panel in accordion when header is clicked" time="0.031" classname="coralui Chrome 43.0.2357 (Mac OS X 10.9.5).Coral_Accordion from markup imperative API user interaction"/>
    <testcase name="shouldn&apos;t update the active panel on clicking disabled panel" time="0.023" classname="coralui Chrome 43.0.2357 (Mac OS X 10.9.5).Coral_Accordion from markup imperative API user interaction"/>
    <testcase name="should be defined" time="0" classname="coralui Chrome 43.0.2357 (Mac OS X 10.9.5).Coral_Alert namespace"/>
    <testcase name="should expose enumerations" time="0" classname="coralui Chrome 43.0.2357 (Mac OS X 10.9.5).Coral_Alert namespace"/>
    <testcase name="should set provided content" time="0" classname="coralui Chrome 43.0.2357 (Mac OS X 10.9.5).Coral_Alert content"/>
    <testcase name="should set provided header" time="0" classname="coralui Chrome 43.0.2357 (Mac OS X 10.9.5).Coral_Alert content"/>
    <testcase name="should set correct className when size is small" time="0.004" classname="coralui Chrome 43.0.2357 (Mac OS X 10.9.5).Coral_Alert size"/>
    <testcase name="should set correct className when size is large" time="0.004" classname="coralui Chrome 43.0.2357 (Mac OS X 10.9.5).Coral_Alert size"/>
    <testcase name="should set correct className when variant is error" time="0.012" classname="coralui Chrome 43.0.2357 (Mac OS X 10.9.5).Coral_Alert variant"/>
    <testcase name="should set correct className when variant is warning" time="0.013" classname="coralui Chrome 43.0.2357 (Mac OS X 10.9.5).Coral_Alert variant"/>
    <testcase name="should set correct className when variant is success" time="0.009" classname="coralui Chrome 43.0.2357 (Mac OS X 10.9.5).Coral_Alert variant"/>
    <testcase name="should set correct className when variant is help" time="0.013" classname="coralui Chrome 43.0.2357 (Mac OS X 10.9.5).Coral_Alert variant"/>
    <testcase name="should set correct className when variant is info" time="0.009" classname="coralui Chrome 43.0.2357 (Mac OS X 10.9.5).Coral_Alert variant"/>
    <testcase name="should hide when any element with [coral-close] clicked" time="0" classname="coralui Chrome 43.0.2357 (Mac OS X 10.9.5).Coral_Alert hide behavior"/>
    <testcase name="should only hide if selector matches value of [coral-close], should not let events bubble" time="0.002" classname="coralui Chrome 43.0.2357 (Mac OS X 10.9.5).Coral_Alert hide behavior"/>
    <testcase name="should be defined" time="0" classname="coralui Chrome 43.0.2357 (Mac OS X 10.9.5).Coral_AnchorButton namespace"/>
    <testcase name="should be possible using new" time="0.012" classname="coralui Chrome 43.0.2357 (Mac OS X 10.9.5).Coral_AnchorButton instantiation"/>
    <testcase name="should be possible using createElement" time="0.015" classname="coralui Chrome 43.0.2357 (Mac OS X 10.9.5).Coral_AnchorButton instantiation"/>
    <testcase name="should change to square if the label is removed" time="0.029" classname="coralui Chrome 43.0.2357 (Mac OS X 10.9.5).Coral_AnchorButton markup"/>
    <testcase name="should remove square if the label is added" time="0.031" classname="coralui Chrome 43.0.2357 (Mac OS X 10.9.5).Coral_AnchorButton markup"/>
    <testcase name="should accept all attributes at once" time="0.031" classname="coralui Chrome 43.0.2357 (Mac OS X 10.9.5).Coral_AnchorButton markup"/>
    <testcase name="should hide component on false" time="0.014" classname="coralui Chrome 43.0.2357 (Mac OS X 10.9.5).Coral_AnchorButton markup hidden attribute"/>
    <testcase name="should be initially empty" time="0.014" classname="coralui Chrome 43.0.2357 (Mac OS X 10.9.5).Coral_AnchorButton markup label property from content in tag body"/>
    <testcase name="should use the textContent as the initial value" time="0.014" classname="coralui Chrome 43.0.2357 (Mac OS X 10.9.5).Coral_AnchorButton markup label property from content in tag body"/>
    <testcase name="should resync the icon once the label is modified" time="0.047" classname="coralui Chrome 43.0.2357 (Mac OS X 10.9.5).Coral_AnchorButton markup label property from content in tag body"/>
    <testcase name="should be initially empty" time="0.015" classname="coralui Chrome 43.0.2357 (Mac OS X 10.9.5).Coral_AnchorButton markup icon property"/>
    <testcase name="should set the new icon" time="0.031" classname="coralui Chrome 43.0.2357 (Mac OS X 10.9.5).Coral_AnchorButton markup icon property"/>
    <testcase name="should not be square when there is a label" time="0.031" classname="coralui Chrome 43.0.2357 (Mac OS X 10.9.5).Coral_AnchorButton markup icon property"/>
    <testcase name="should not create a new icon if the value is updated" time="0.03" classname="coralui Chrome 43.0.2357 (Mac OS X 10.9.5).Coral_AnchorButton markup icon property"/>
    <testcase name="should hide the icon element once the icon is set to empty string" time="0.031" classname="coralui Chrome 43.0.2357 (Mac OS X 10.9.5).Coral_AnchorButton markup icon property"/>
    <testcase name="should be initially the default" time="0.013" classname="coralui Chrome 43.0.2357 (Mac OS X 10.9.5).Coral_AnchorButton markup iconsize property"/>
    <testcase name="should set the new iconsize" time="0.03" classname="coralui Chrome 43.0.2357 (Mac OS X 10.9.5).Coral_AnchorButton markup iconsize property"/>
    <testcase name="should discard invalid iconsize" time="0.032" classname="coralui Chrome 43.0.2357 (Mac OS X 10.9.5).Coral_AnchorButton markup iconsize property"/>
    <testcase name="should default to medium" time="0.013" classname="coralui Chrome 43.0.2357 (Mac OS X 10.9.5).Coral_AnchorButton markup #size"/>
    <testcase name="should set the size modifier" time="0.03" classname="coralui Chrome 43.0.2357 (Mac OS X 10.9.5).Coral_AnchorButton markup #size"/>
    <testcase name="should be initially false" time="0.031" classname="coralui Chrome 43.0.2357 (Mac OS X 10.9.5).Coral_AnchorButton markup #block"/>
    <testcase name="should set the size modifier" time="0.03" classname="coralui Chrome 43.0.2357 (Mac OS X 10.9.5).Coral_AnchorButton markup #block"/>
    <testcase name="should behave like an attribute boolean" time="0.031" classname="coralui Chrome 43.0.2357 (Mac OS X 10.9.5).Coral_AnchorButton markup #block"/>
    <testcase name="should be initially Coral.Button.variant.DEFAULT" time="0.013" classname="coralui Chrome 43.0.2357 (Mac OS X 10.9.5).Coral_AnchorButton markup #variant"/>
    <testcase name="should set the new variant" time="0.032" classname="coralui Chrome 43.0.2357 (Mac OS X 10.9.5).Coral_AnchorButton markup #variant"/>
    <testcase name="should not add class for empty variant" time="0.016" classname="coralui Chrome 43.0.2357 (Mac OS X 10.9.5).Coral_AnchorButton markup #variant"/>
    <testcase name="should not add class for invalid variant" time="0.015" classname="coralui Chrome 43.0.2357 (Mac OS X 10.9.5).Coral_AnchorButton markup #variant"/>
    <testcase name="should remove variant classnames when variant changes" time="0.045" classname="coralui Chrome 43.0.2357 (Mac OS X 10.9.5).Coral_AnchorButton markup #variant"/>
    <testcase name="should default to null" time="0.001" classname="coralui Chrome 43.0.2357 (Mac OS X 10.9.5).Coral_AnchorButton API #icon"/>
    <testcase name="should set the new icon" time="0.032" classname="coralui Chrome 43.0.2357 (Mac OS X 10.9.5).Coral_AnchorButton API #icon"/>
    <testcase name="should convert everything to string" time="0.012" classname="coralui Chrome 43.0.2357 (Mac OS X 10.9.5).Coral_AnchorButton API #icon"/>
    <testcase name="should remove the icon with empty string" time="0.03" classname="coralui Chrome 43.0.2357 (Mac OS X 10.9.5).Coral_AnchorButton API #icon"/>
    <testcase name="should remove the icon with null" time="0.032" classname="coralui Chrome 43.0.2357 (Mac OS X 10.9.5).Coral_AnchorButton API #icon"/>
    <testcase name="should remove the icon with undefined" time="0.032" classname="coralui Chrome 43.0.2357 (Mac OS X 10.9.5).Coral_AnchorButton API #icon"/>
    <testcase name="should default to Coral.Icon.size.SMALL" time="0.013" classname="coralui Chrome 43.0.2357 (Mac OS X 10.9.5).Coral_AnchorButton API #iconSize"/>
    <testcase name="should sync the iconSize correctly" time="0.031" classname="coralui Chrome 43.0.2357 (Mac OS X 10.9.5).Coral_AnchorButton API #iconSize"/>
    <testcase name="should set the new size even if icon is not set" time="0.001" classname="coralui Chrome 43.0.2357 (Mac OS X 10.9.5).Coral_AnchorButton API #iconSize"/>
    <testcase name="should set the new size" time="0.014" classname="coralui Chrome 43.0.2357 (Mac OS X 10.9.5).Coral_AnchorButton API #iconSize"/>
    <testcase name="should accept lowercase values" time="0.032" classname="coralui Chrome 43.0.2357 (Mac OS X 10.9.5).Coral_AnchorButton API #iconSize"/>
    <testcase name="should be set with an attribute" time="0.016" classname="coralui Chrome 43.0.2357 (Mac OS X 10.9.5).Coral_AnchorButton API #iconSize"/>
    <testcase name="should discard values not part of the enum" time="0.001" classname="coralui Chrome 43.0.2357 (Mac OS X 10.9.5).Coral_AnchorButton API #iconSize"/>
    <testcase name="should discard unknonwn attribute" time="0.001" classname="coralui Chrome 43.0.2357 (Mac OS X 10.9.5).Coral_AnchorButton API #iconSize"/>
    <testcase name="should keep the size after the icon is changed" time="0.046" classname="coralui Chrome 43.0.2357 (Mac OS X 10.9.5).Coral_AnchorButton API #iconSize"/>
    <testcase name="should have aria-disabled, role and tabindex set by default" time="0.032" classname="coralui Chrome 43.0.2357 (Mac OS X 10.9.5).Coral_AnchorButton Accessibility"/>
    <testcase name="should have tabindex set to -1 while disabled" time="0.029" classname="coralui Chrome 43.0.2357 (Mac OS X 10.9.5).Coral_AnchorButton Accessibility"/>
    <testcase name="should set is-select on keyDown" time="0.003" classname="coralui Chrome 43.0.2357 (Mac OS X 10.9.5).Coral_AnchorButton Accessibility"/>
    <testcase name="should not set is-select on keyDown" time="0.002" classname="coralui Chrome 43.0.2357 (Mac OS X 10.9.5).Coral_AnchorButton Accessibility"/>
    <testcase name="should trigger on keydown" time="0.002" classname="coralui Chrome 43.0.2357 (Mac OS X 10.9.5).Coral_AnchorButton Event"/>
    <testcase name="should trigger on keyup" time="0" classname="coralui Chrome 43.0.2357 (Mac OS X 10.9.5).Coral_AnchorButton Event"/>
    <testcase name="should trigger on keypressed" time="0.002" classname="coralui Chrome 43.0.2357 (Mac OS X 10.9.5).Coral_AnchorButton Event"/>
    <testcase name="should prevent event from bubbling while disabled" time="0.019" classname="coralui Chrome 43.0.2357 (Mac OS X 10.9.5).Coral_AnchorButton Event"/>
    <testcase name="should be defined" time="0" classname="coralui Chrome 43.0.2357 (Mac OS X 10.9.5).Coral_Autocomplete"/>
    <testcase name="should define a special event for coralinternalinput" time="0" classname="coralui Chrome 43.0.2357 (Mac OS X 10.9.5).Coral_Autocomplete"/>
    <testcase name="should support &quot;remote&quot; suggestions with coral-autocomplete:showsuggestions" time="0.01" classname="coralui Chrome 43.0.2357 (Mac OS X 10.9.5).Coral_Autocomplete"/>
    <testcase name="should add items to the collection when selection from suggestions added with addSuggestions()" time="0.01" classname="coralui Chrome 43.0.2357 (Mac OS X 10.9.5).Coral_Autocomplete"/>
    <testcase name="should have correct default property values" time="0.005" classname="coralui Chrome 43.0.2357 (Mac OS X 10.9.5).Coral_Autocomplete API"/>
    <testcase name="should set field name when name set" time="0" classname="coralui Chrome 43.0.2357 (Mac OS X 10.9.5).Coral_Autocomplete API"/>
    <testcase name="should set field value and select items when value set" time="0" classname="coralui Chrome 43.0.2357 (Mac OS X 10.9.5).Coral_Autocomplete API"/>
    <testcase name="should add tags and select items when values set" time="0.014" classname="coralui Chrome 43.0.2357 (Mac OS X 10.9.5).Coral_Autocomplete API"/>
    <testcase name="should set field placeholder" time="0" classname="coralui Chrome 43.0.2357 (Mac OS X 10.9.5).Coral_Autocomplete API"/>
    <testcase name="should set icon" time="0" classname="coralui Chrome 43.0.2357 (Mac OS X 10.9.5).Coral_Autocomplete API"/>
    <testcase name="should hide icon when not set" time="0" classname="coralui Chrome 43.0.2357 (Mac OS X 10.9.5).Coral_Autocomplete API"/>
    <testcase name="#clear() should clear the value" time="0" classname="coralui Chrome 43.0.2357 (Mac OS X 10.9.5).Coral_Autocomplete API"/>
    <testcase name="should be defined" time="0" classname="coralui Chrome 43.0.2357 (Mac OS X 10.9.5).Coral_Button namespace"/>
    <testcase name="should define the variants in an enum" time="0" classname="coralui Chrome 43.0.2357 (Mac OS X 10.9.5).Coral_Button namespace"/>
    <testcase name="should be possible using new" time="0.015" classname="coralui Chrome 43.0.2357 (Mac OS X 10.9.5).Coral_Button instantiation"/>
    <testcase name="should accept all attributes at once" time="0.043" classname="coralui Chrome 43.0.2357 (Mac OS X 10.9.5).Coral_Button markup"/>
    <testcase name="should hide component on false" time="0.003" classname="coralui Chrome 43.0.2357 (Mac OS X 10.9.5).Coral_Button markup hidden attribute"/>
    <testcase name="should be initially empty" time="0.011" classname="coralui Chrome 43.0.2357 (Mac OS X 10.9.5).Coral_Button markup label attribute"/>
    <testcase name="should use the existing nodes as the initial label value" time="0.013" classname="coralui Chrome 43.0.2357 (Mac OS X 10.9.5).Coral_Button markup label attribute"/>
    <testcase name="should resync the icon once the label is modified" time="0.034" classname="coralui Chrome 43.0.2357 (Mac OS X 10.9.5).Coral_Button markup label attribute"/>
    <testcase name="should change to square if the label is removed" time="0.026" classname="coralui Chrome 43.0.2357 (Mac OS X 10.9.5).Coral_Button markup label attribute"/>
    <testcase name="should remove square if the label is added" time="0.031" classname="coralui Chrome 43.0.2357 (Mac OS X 10.9.5).Coral_Button markup label attribute"/>
    <testcase name="should be initially empty" time="0.012" classname="coralui Chrome 43.0.2357 (Mac OS X 10.9.5).Coral_Button markup icon attribute"/>
    <testcase name="should set a new icon" time="0.033" classname="coralui Chrome 43.0.2357 (Mac OS X 10.9.5).Coral_Button markup icon attribute"/>
    <testcase name="should not be square when there is a label" time="0.032" classname="coralui Chrome 43.0.2357 (Mac OS X 10.9.5).Coral_Button markup icon attribute"/>
    <testcase name="should not create a new icon if the value is updated" time="0.03" classname="coralui Chrome 43.0.2357 (Mac OS X 10.9.5).Coral_Button markup icon attribute"/>
    <testcase name="should hide the icon element once the icon is set to empty string" time="0.031" classname="coralui Chrome 43.0.2357 (Mac OS X 10.9.5).Coral_Button markup icon attribute"/>
    <testcase name="should be initially the default" time="0.003" classname="coralui Chrome 43.0.2357 (Mac OS X 10.9.5).Coral_Button markup iconsize attribute"/>
    <testcase name="should set the new iconsize" time="0.001" classname="coralui Chrome 43.0.2357 (Mac OS X 10.9.5).Coral_Button markup iconsize attribute"/>
    <testcase name="should discard invalid iconsize" time="0.001" classname="coralui Chrome 43.0.2357 (Mac OS X 10.9.5).Coral_Button markup iconsize attribute"/>
    <testcase name="should default to medium" time="0.01" classname="coralui Chrome 43.0.2357 (Mac OS X 10.9.5).Coral_Button markup #size"/>
    <testcase name="should set the size modifier" time="0.031" classname="coralui Chrome 43.0.2357 (Mac OS X 10.9.5).Coral_Button markup #size"/>
    <testcase name="should be initially false" time="0.034" classname="coralui Chrome 43.0.2357 (Mac OS X 10.9.5).Coral_Button markup #block"/>
    <testcase name="should set the size modifier" time="0.028" classname="coralui Chrome 43.0.2357 (Mac OS X 10.9.5).Coral_Button markup #block"/>
    <testcase name="should behave like an attribute boolean" time="0.03" classname="coralui Chrome 43.0.2357 (Mac OS X 10.9.5).Coral_Button markup #block"/>
    <testcase name="should be initially Coral.Button.variant.DEFAULT" time="0.014" classname="coralui Chrome 43.0.2357 (Mac OS X 10.9.5).Coral_Button markup #variant"/>
    <testcase name="should set the new variant" time="0.031" classname="coralui Chrome 43.0.2357 (Mac OS X 10.9.5).Coral_Button markup #variant"/>
    <testcase name="should not add class for empty variant" time="0.016" classname="coralui Chrome 43.0.2357 (Mac OS X 10.9.5).Coral_Button markup #variant"/>
    <testcase name="should not add class for invalid variant" time="0.014" classname="coralui Chrome 43.0.2357 (Mac OS X 10.9.5).Coral_Button markup #variant"/>
    <testcase name="should remove variant classnames when variant changes" time="0.031" classname="coralui Chrome 43.0.2357 (Mac OS X 10.9.5).Coral_Button markup #variant"/>
    <testcase name="should default to empty string" time="0.001" classname="coralui Chrome 43.0.2357 (Mac OS X 10.9.5).Coral_Button API #icon"/>
    <testcase name="should set the new icon" time="0.028" classname="coralui Chrome 43.0.2357 (Mac OS X 10.9.5).Coral_Button API #icon"/>
    <testcase name="should convert everything to string" time="0.016" classname="coralui Chrome 43.0.2357 (Mac OS X 10.9.5).Coral_Button API #icon"/>
    <testcase name="should remove the icon with empty string" time="0.014" classname="coralui Chrome 43.0.2357 (Mac OS X 10.9.5).Coral_Button API #icon"/>
    <testcase name="should remove the icon with null" time="0.015" classname="coralui Chrome 43.0.2357 (Mac OS X 10.9.5).Coral_Button API #icon"/>
    <testcase name="should remove the icon with undefined" time="0.013" classname="coralui Chrome 43.0.2357 (Mac OS X 10.9.5).Coral_Button API #icon"/>
    <testcase name="should default to Coral.Icon.size.SMALL" time="0.015" classname="coralui Chrome 43.0.2357 (Mac OS X 10.9.5).Coral_Button API #iconSize"/>
    <testcase name="should sync the iconSize correctly" time="0.014" classname="coralui Chrome 43.0.2357 (Mac OS X 10.9.5).Coral_Button API #iconSize"/>
    <testcase name="should set the new size even if icon is not set" time="0.001" classname="coralui Chrome 43.0.2357 (Mac OS X 10.9.5).Coral_Button API #iconSize"/>
    <testcase name="should set the new size" time="0.013" classname="coralui Chrome 43.0.2357 (Mac OS X 10.9.5).Coral_Button API #iconSize"/>
    <testcase name="should accept lowercase values" time="0.015" classname="coralui Chrome 43.0.2357 (Mac OS X 10.9.5).Coral_Button API #iconSize"/>
    <testcase name="should be set with an attribute" time="0.016" classname="coralui Chrome 43.0.2357 (Mac OS X 10.9.5).Coral_Button API #iconSize"/>
    <testcase name="should discard values not part of the enum" time="0.001" classname="coralui Chrome 43.0.2357 (Mac OS X 10.9.5).Coral_Button API #iconSize"/>
    <testcase name="should discard unknonwn attribute" time="0" classname="coralui Chrome 43.0.2357 (Mac OS X 10.9.5).Coral_Button API #iconSize"/>
    <testcase name="should keep the size after the icon is changed" time="0.014" classname="coralui Chrome 43.0.2357 (Mac OS X 10.9.5).Coral_Button API #iconSize"/>
    <testcase name="should be defined" time="0" classname="coralui Chrome 43.0.2357 (Mac OS X 10.9.5).Coral_ButtonGroup namespace"/>
    <testcase name="should be possible using new" time="0.001" classname="coralui Chrome 43.0.2357 (Mac OS X 10.9.5).Coral_ButtonGroup instantiation"/>
    <testcase name="should be possible using createElement" time="0" classname="coralui Chrome 43.0.2357 (Mac OS X 10.9.5).Coral_ButtonGroup instantiation"/>
    <testcase name="should be possible using markup" time="0.012" classname="coralui Chrome 43.0.2357 (Mac OS X 10.9.5).Coral_ButtonGroup instantiation"/>
    <testcase name="should add &quot;coral-ButtonGroup-item&quot; class to children" time="0.014" classname="coralui Chrome 43.0.2357 (Mac OS X 10.9.5).Coral_ButtonGroup decorate children"/>
    <testcase name="should remove &quot;coral-ButtonGroup-item&quot; class to children" time="0.03" classname="coralui Chrome 43.0.2357 (Mac OS X 10.9.5).Coral_ButtonGroup decorate children"/>
    <testcase name="should support initialization from constructor" time="0.001" classname="coralui Chrome 43.0.2357 (Mac OS X 10.9.5).Coral_CharacterCount from constructor"/>
    <testcase name="should reduce counter for each character entered when maxLength not null" time="0.001" classname="coralui Chrome 43.0.2357 (Mac OS X 10.9.5).Coral_CharacterCount behavior"/>
    <testcase name="should reach 0 when characters entered == maxLength" time="0.001" classname="coralui Chrome 43.0.2357 (Mac OS X 10.9.5).Coral_CharacterCount behavior"/>
    <testcase name="should show a negative value when characters entered &gt; maxLength" time="0" classname="coralui Chrome 43.0.2357 (Mac OS X 10.9.5).Coral_CharacterCount behavior"/>
    <testcase name="it should add is-invalid when character entered &gt; maxLength" time="0" classname="coralui Chrome 43.0.2357 (Mac OS X 10.9.5).Coral_CharacterCount behavior"/>
    <testcase name="should start counter at 0 when maxLength is null" time="0.003" classname="coralui Chrome 43.0.2357 (Mac OS X 10.9.5).Coral_CharacterCount behavior"/>
    <testcase name="should increment counter for each character entered when maxLength is null" time="0.001" classname="coralui Chrome 43.0.2357 (Mac OS X 10.9.5).Coral_CharacterCount behavior"/>
    <testcase name="should be defined" time="0" classname="coralui Chrome 43.0.2357 (Mac OS X 10.9.5).Coral_Checkbox namespace"/>
    <testcase name="should have defaults" time="0.002" classname="coralui Chrome 43.0.2357 (Mac OS X 10.9.5).Coral_Checkbox API"/>
    <testcase name="should reflect value changes" time="0.01" classname="coralui Chrome 43.0.2357 (Mac OS X 10.9.5).Coral_Checkbox API #value"/>
    <testcase name="should reflect checked value" time="0.013" classname="coralui Chrome 43.0.2357 (Mac OS X 10.9.5).Coral_Checkbox API #checked"/>
    <testcase name="should reflect unchecked value" time="0.014" classname="coralui Chrome 43.0.2357 (Mac OS X 10.9.5).Coral_Checkbox API #checked"/>
    <testcase name="should handle manipulating checked attribute" time="0.03" classname="coralui Chrome 43.0.2357 (Mac OS X 10.9.5).Coral_Checkbox API #checked"/>
    <testcase name="should reflect indeterminate value" time="0.015" classname="coralui Chrome 43.0.2357 (Mac OS X 10.9.5).Coral_Checkbox API #indeterminate"/>
    <testcase name="should not affect checked state when indeterminate state is changed" time="0.03" classname="coralui Chrome 43.0.2357 (Mac OS X 10.9.5).Coral_Checkbox API #indeterminate"/>
    <testcase name="should not affect indeterminate state when checked state is changed" time="0.032" classname="coralui Chrome 43.0.2357 (Mac OS X 10.9.5).Coral_Checkbox API #indeterminate"/>
    <testcase name="should be removed on user interaction" time="0.015" classname="coralui Chrome 43.0.2357 (Mac OS X 10.9.5).Coral_Checkbox API #indeterminate"/>
    <testcase name="should reflect disabled value" time="0.013" classname="coralui Chrome 43.0.2357 (Mac OS X 10.9.5).Coral_Checkbox API #disabled"/>
    <testcase name="should reflect enabled value" time="0.018" classname="coralui Chrome 43.0.2357 (Mac OS X 10.9.5).Coral_Checkbox API #disabled"/>
    <testcase name="should handle manipulating disabled attribute" time="0.027" classname="coralui Chrome 43.0.2357 (Mac OS X 10.9.5).Coral_Checkbox API #disabled"/>
    <testcase name="should hide label when content set to empty" time="0.031" classname="coralui Chrome 43.0.2357 (Mac OS X 10.9.5).Coral_Checkbox API #label"/>
    <testcase name="should hide label when content set to empty when not in DOM" time="0.046" classname="coralui Chrome 43.0.2357 (Mac OS X 10.9.5).Coral_Checkbox API #label"/>
    <testcase name="should trigger change on click" time="0.011" classname="coralui Chrome 43.0.2357 (Mac OS X 10.9.5).Coral_Checkbox events"/>
    <testcase name="should trigger change on indeterminate set" time="0.013" classname="coralui Chrome 43.0.2357 (Mac OS X 10.9.5).Coral_Checkbox events"/>
    <testcase name="should not trigger change event, when checked property" time="0.01" classname="coralui Chrome 43.0.2357 (Mac OS X 10.9.5).Coral_Checkbox events"/>
    <testcase name="should trigger change event, when clicked" time="0.013" classname="coralui Chrome 43.0.2357 (Mac OS X 10.9.5).Coral_Checkbox events"/>
    <testcase name="should not trigger change event if value changed" time="0.013" classname="coralui Chrome 43.0.2357 (Mac OS X 10.9.5).Coral_Checkbox events"/>
    <testcase name="should include the internal input value when checked" time="0.015" classname="coralui Chrome 43.0.2357 (Mac OS X 10.9.5).Coral_Checkbox in a form"/>
    <testcase name="should not include the internal input value when not checked" time="0.007" classname="coralui Chrome 43.0.2357 (Mac OS X 10.9.5).Coral_Checkbox in a form"/>
    <testcase name="should not include the internal input value when not named" time="0.014" classname="coralui Chrome 43.0.2357 (Mac OS X 10.9.5).Coral_Checkbox in a form"/>
    <testcase name="should include the new value if the value was changed" time="0.013" classname="coralui Chrome 43.0.2357 (Mac OS X 10.9.5).Coral_Checkbox in a form"/>
    <testcase name="should be defined in the Coral namespace" time="0" classname="coralui Chrome 43.0.2357 (Mac OS X 10.9.5).Coral_Collection"/>
    <testcase name="should not enable a custom element" time="0" classname="coralui Chrome 43.0.2357 (Mac OS X 10.9.5).Coral_Collection"/>
    <testcase name="should return the right value for toString()" time="0.001" classname="coralui Chrome 43.0.2357 (Mac OS X 10.9.5).Coral_Component"/>
    <testcase name="should inherit the properties of its parent component" time="0" classname="coralui Chrome 43.0.2357 (Mac OS X 10.9.5).Coral_Component"/>
    <testcase name="should support instantiation with with markup" time="0.007" classname="coralui Chrome 43.0.2357 (Mac OS X 10.9.5).Coral_Component"/>
    <testcase name="should support instantiation with new Component()" time="0.001" classname="coralui Chrome 43.0.2357 (Mac OS X 10.9.5).Coral_Component"/>
    <testcase name="should support instantiation with createElement()" time="0" classname="coralui Chrome 43.0.2357 (Mac OS X 10.9.5).Coral_Component"/>
    <testcase name="should set property values for boolean attributes" time="0.011" classname="coralui Chrome 43.0.2357 (Mac OS X 10.9.5).Coral_Component attributes &amp; properties"/>
    <testcase name="should have default value from property descriptor" time="0.015" classname="coralui Chrome 43.0.2357 (Mac OS X 10.9.5).Coral_Component attributes &amp; properties"/>
    <testcase name="should have default value from property descriptor for invalid input" time="0.016" classname="coralui Chrome 43.0.2357 (Mac OS X 10.9.5).Coral_Component attributes &amp; properties"/>
    <testcase name="should transform attribute values" time="0.015" classname="coralui Chrome 43.0.2357 (Mac OS X 10.9.5).Coral_Component attributes &amp; properties"/>
    <testcase name="should be reflected from attribute to property" time="0.014" classname="coralui Chrome 43.0.2357 (Mac OS X 10.9.5).Coral_Component attributes &amp; properties"/>
    <testcase name="should not set property from attributes when descriptor.attribute=null" time="0.015" classname="coralui Chrome 43.0.2357 (Mac OS X 10.9.5).Coral_Component attributes &amp; properties"/>
    <testcase name="should be reflected from property to attribute" time="0.014" classname="coralui Chrome 43.0.2357 (Mac OS X 10.9.5).Coral_Component attributes &amp; properties"/>
    <testcase name="should call &quot;attributeTransform&quot; and &quot;transform&quot; before setting the property" time="0.003" classname="coralui Chrome 43.0.2357 (Mac OS X 10.9.5).Coral_Component attributes &amp; properties"/>
    <testcase name="should invoke &quot;transform&quot; in component scope" time="0.001" classname="coralui Chrome 43.0.2357 (Mac OS X 10.9.5).Coral_Component attributes &amp; properties"/>
    <testcase name="should invoke &quot;attributeTransform&quot; in component scope" time="0" classname="coralui Chrome 43.0.2357 (Mac OS X 10.9.5).Coral_Component attributes &amp; properties"/>
    <testcase name="should pass the default value to transform functions, in component scope" time="0.001" classname="coralui Chrome 43.0.2357 (Mac OS X 10.9.5).Coral_Component attributes &amp; properties"/>
    <testcase name="should pass the default value to transform functions on initialization when created from markup, in component scope" time="0.001" classname="coralui Chrome 43.0.2357 (Mac OS X 10.9.5).Coral_Component attributes &amp; properties"/>
    <testcase name="should not apply a default value if a property has already been set by another setter" time="0" classname="coralui Chrome 43.0.2357 (Mac OS X 10.9.5).Coral_Component attributes &amp; properties"/>
    <testcase name="should work even when detached" time="0" classname="coralui Chrome 43.0.2357 (Mac OS X 10.9.5).Coral_Component eventing event handling"/>
    <testcase name="should support listening to events in the capture phase" time="0.001" classname="coralui Chrome 43.0.2357 (Mac OS X 10.9.5).Coral_Component eventing event handling"/>
    <testcase name="should support listening to global events in the capture phase" time="0.007" classname="coralui Chrome 43.0.2357 (Mac OS X 10.9.5).Coral_Component eventing event handling"/>
    <testcase name="should support listening to window events only when attached" time="0.046" classname="coralui Chrome 43.0.2357 (Mac OS X 10.9.5).Coral_Component eventing event handling"/>
    <testcase name="should support trigger(), on(), off()" time="0.001" classname="coralui Chrome 43.0.2357 (Mac OS X 10.9.5).Coral_Component eventing event handling"/>
    <testcase name="should support addEventListener(), removeEventListener()" time="0.001" classname="coralui Chrome 43.0.2357 (Mac OS X 10.9.5).Coral_Component eventing event handling"/>
    <testcase name="should be triggered when the component is added to the DOM" time="0.012" classname="coralui Chrome 43.0.2357 (Mac OS X 10.9.5).Coral_Component eventing attached/detached #coral-component:attached"/>
    <testcase name="should be triggered when the component is removed from the DOM" time="0.031" classname="coralui Chrome 43.0.2357 (Mac OS X 10.9.5).Coral_Component eventing attached/detached #coral-component:detached"/>
    <testcase name="should be triggered when the component is removed from the DOM using jQuery remove" time="0.032" classname="coralui Chrome 43.0.2357 (Mac OS X 10.9.5).Coral_Component eventing attached/detached #coral-component:detached"/>
    <testcase name="should be false by default" time="0" classname="coralui Chrome 43.0.2357 (Mac OS X 10.9.5).Coral_Component visbility _hidden"/>
    <testcase name="should reflect from property to attribute" time="0" classname="coralui Chrome 43.0.2357 (Mac OS X 10.9.5).Coral_Component visbility _hidden"/>
    <testcase name="should reflect from attribute to property" time="0" classname="coralui Chrome 43.0.2357 (Mac OS X 10.9.5).Coral_Component visbility _hidden"/>
    <testcase name="should change hidden state" time="0" classname="coralui Chrome 43.0.2357 (Mac OS X 10.9.5).Coral_Component visbility #show()"/>
    <testcase name="should change hidden state" time="0" classname="coralui Chrome 43.0.2357 (Mac OS X 10.9.5).Coral_Component visbility #hide()"/>
    <testcase name="should be defined" time="0" classname="coralui Chrome 43.0.2357 (Mac OS X 10.9.5).Coral_Datepicker namespace"/>
    <testcase name="should be possible using new" time="0.046" classname="coralui Chrome 43.0.2357 (Mac OS X 10.9.5).Coral_Datepicker instantiation"/>
    <testcase name="should be possible using createElement" time="0.032" classname="coralui Chrome 43.0.2357 (Mac OS X 10.9.5).Coral_Datepicker instantiation"/>
    <testcase name="should be possible using markup" time="0.362" classname="coralui Chrome 43.0.2357 (Mac OS X 10.9.5).Coral_Datepicker instantiation"/>
    <testcase name="`type` should be `date` by default" time="0.343" classname="coralui Chrome 43.0.2357 (Mac OS X 10.9.5).Coral_Datepicker instantiation API"/>
    <testcase name="`type` should be `datetime` when set so" time="0.213" classname="coralui Chrome 43.0.2357 (Mac OS X 10.9.5).Coral_Datepicker instantiation API"/>
    <testcase name="`type` should be `time` when set so" time="0.232" classname="coralui Chrome 43.0.2357 (Mac OS X 10.9.5).Coral_Datepicker instantiation API"/>
    <testcase name="`type` should be `time`, and custom valueFormat retained" time="0.225" classname="coralui Chrome 43.0.2357 (Mac OS X 10.9.5).Coral_Datepicker instantiation API"/>
    <testcase name="`value` should be `null` by default" time="0.203" classname="coralui Chrome 43.0.2357 (Mac OS X 10.9.5).Coral_Datepicker instantiation API"/>
    <testcase name="`value` should return assigned value" time="0.209" classname="coralui Chrome 43.0.2357 (Mac OS X 10.9.5).Coral_Datepicker instantiation API"/>
    <testcase name="`value` should accept `today`" time="0.227" classname="coralui Chrome 43.0.2357 (Mac OS X 10.9.5).Coral_Datepicker instantiation API"/>
    <testcase name="`value` should accept `today` when type is `date`" time="0.265" classname="coralui Chrome 43.0.2357 (Mac OS X 10.9.5).Coral_Datepicker instantiation API"/>
    <testcase name="`valueAsDate` should be `null` by default" time="0.217" classname="coralui Chrome 43.0.2357 (Mac OS X 10.9.5).Coral_Datepicker instantiation API"/>
    <testcase name="`valueAsDate` should return assigned value as Date" time="0.23" classname="coralui Chrome 43.0.2357 (Mac OS X 10.9.5).Coral_Datepicker instantiation API"/>
    <testcase name="`valueAsDate` should return assigned valueAsDate" time="0.262" classname="coralui Chrome 43.0.2357 (Mac OS X 10.9.5).Coral_Datepicker instantiation API"/>
    <testcase name="setting `displayValue` should return the set value" time="0.232" classname="coralui Chrome 43.0.2357 (Mac OS X 10.9.5).Coral_Datepicker instantiation API"/>
    <testcase name="toggle should open calendar" time="0.279" classname="coralui Chrome 43.0.2357 (Mac OS X 10.9.5).Coral_Datepicker instantiation Interaction"/>
    <testcase name="should not trigger a change event at instantiation" time="0.284" classname="coralui Chrome 43.0.2357 (Mac OS X 10.9.5).Coral_Datepicker instantiation events"/>
    <testcase name="should not trigger a change event when a value is set programmatically" time="0.238" classname="coralui Chrome 43.0.2357 (Mac OS X 10.9.5).Coral_Datepicker instantiation events"/>
    <testcase name="should trigger a change event when a date is selected" time="0.247" classname="coralui Chrome 43.0.2357 (Mac OS X 10.9.5).Coral_Datepicker instantiation events"/>
    <testcase name="should trigger a change event when a time is selected" time="0.259" classname="coralui Chrome 43.0.2357 (Mac OS X 10.9.5).Coral_Datepicker instantiation events"/>
    <testcase name="should not trigger a change event when a date is selected" time="0.262" classname="coralui Chrome 43.0.2357 (Mac OS X 10.9.5).Coral_Datepicker instantiation events"/>
    <testcase name="should trigger a change event when a datetime is selected" time="0.337" classname="coralui Chrome 43.0.2357 (Mac OS X 10.9.5).Coral_Datepicker instantiation events"/>
    <testcase name="should trigger a change event when a datetime (with no initial value) is selected" time="0.225" classname="coralui Chrome 43.0.2357 (Mac OS X 10.9.5).Coral_Datepicker instantiation events"/>
    <testcase name="should be defined" time="0" classname="coralui Chrome 43.0.2357 (Mac OS X 10.9.5).Coral_Dialog namespace"/>
    <testcase name="should expose enumerations" time="0" classname="coralui Chrome 43.0.2357 (Mac OS X 10.9.5).Coral_Dialog namespace"/>
    <testcase name="should support initialization with markup" time="0.01" classname="coralui Chrome 43.0.2357 (Mac OS X 10.9.5).Coral_Dialog from markup"/>
    <testcase name="should support initialization with markup when open" time="0.014" classname="coralui Chrome 43.0.2357 (Mac OS X 10.9.5).Coral_Dialog from markup"/>
    <testcase name="should support initialization with createElement" time="0.002" classname="coralui Chrome 43.0.2357 (Mac OS X 10.9.5).Coral_Dialog from constructor"/>
    <testcase name="should support initialization with constructor" time="0.002" classname="coralui Chrome 43.0.2357 (Mac OS X 10.9.5).Coral_Dialog from constructor"/>
    <testcase name="should have the correct default attributes" time="0.004" classname="coralui Chrome 43.0.2357 (Mac OS X 10.9.5).Coral_Dialog from constructor"/>
    <testcase name="should cause the dialog to scroll when contents are large" time="0.054" classname="coralui Chrome 43.0.2357 (Mac OS X 10.9.5).Coral_Dialog positioning"/>
    <testcase name="should be centered when contents are small" time="0.024" classname="coralui Chrome 43.0.2357 (Mac OS X 10.9.5).Coral_Dialog positioning"/>
    <testcase name="should support error variant" time="0.011" classname="coralui Chrome 43.0.2357 (Mac OS X 10.9.5).Coral_Dialog variant"/>
    <testcase name="should support warning variant" time="0.012" classname="coralui Chrome 43.0.2357 (Mac OS X 10.9.5).Coral_Dialog variant"/>
    <testcase name="should support success variant" time="0.003" classname="coralui Chrome 43.0.2357 (Mac OS X 10.9.5).Coral_Dialog variant"/>
    <testcase name="should support help variant" time="0.008" classname="coralui Chrome 43.0.2357 (Mac OS X 10.9.5).Coral_Dialog variant"/>
    <testcase name="should support info variant" time="0.005" classname="coralui Chrome 43.0.2357 (Mac OS X 10.9.5).Coral_Dialog variant"/>
    <testcase name="should support switching variants" time="0.036" classname="coralui Chrome 43.0.2357 (Mac OS X 10.9.5).Coral_Dialog variant"/>
    <testcase name="should close when escape pressed" time="0" classname="coralui Chrome 43.0.2357 (Mac OS X 10.9.5).Coral_Dialog behavior">
      <skipped/>
    </testcase>
    <testcase name="should close when close button clicked" time="0.001" classname="coralui Chrome 43.0.2357 (Mac OS X 10.9.5).Coral_Dialog behavior"/>
    <testcase name="should hide when any element with [coral-close] clicked" time="0.001" classname="coralui Chrome 43.0.2357 (Mac OS X 10.9.5).Coral_Dialog behavior"/>
    <testcase name="should only hide if selector matches value of [coral-close], should not let events bubble" time="0.004" classname="coralui Chrome 43.0.2357 (Mac OS X 10.9.5).Coral_Dialog behavior"/>
    <testcase name="should be defined" time="0" classname="coralui Chrome 43.0.2357 (Mac OS X 10.9.5).Coral_Icon namespace"/>
    <testcase name="should define the sizes in an enum" time="0" classname="coralui Chrome 43.0.2357 (Mac OS X 10.9.5).Coral_Icon namespace"/>
    <testcase name="should be possible using new" time="0.002" classname="coralui Chrome 43.0.2357 (Mac OS X 10.9.5).Coral_Icon instantiation"/>
    <testcase name="should be possible using createElement" time="0.013" classname="coralui Chrome 43.0.2357 (Mac OS X 10.9.5).Coral_Icon instantiation"/>
    <testcase name="should be possible using markup" time="0.004" classname="coralui Chrome 43.0.2357 (Mac OS X 10.9.5).Coral_Icon instantiation"/>
    <testcase name="should be empty string initially" time="0.012" classname="coralui Chrome 43.0.2357 (Mac OS X 10.9.5).Coral_Icon markup #icon"/>
    <testcase name="should set the new icon" time="0.018" classname="coralui Chrome 43.0.2357 (Mac OS X 10.9.5).Coral_Icon markup #icon"/>
    <testcase name="should not have class for empty icon" time="0.002" classname="coralui Chrome 43.0.2357 (Mac OS X 10.9.5).Coral_Icon markup #icon"/>
    <testcase name="should be initially Coral.Icon.size.SMALL" time="0.001" classname="coralui Chrome 43.0.2357 (Mac OS X 10.9.5).Coral_Icon markup #size"/>
    <testcase name="should set the new size" time="0.004" classname="coralui Chrome 43.0.2357 (Mac OS X 10.9.5).Coral_Icon markup #size"/>
    <testcase name="should default empty to default" time="0.019" classname="coralui Chrome 43.0.2357 (Mac OS X 10.9.5).Coral_Icon markup #size"/>
    <testcase name="should default invalid values to default" time="0.02" classname="coralui Chrome 43.0.2357 (Mac OS X 10.9.5).Coral_Icon markup #size"/>
    <testcase name="should accept lowercase values" time="0.002" classname="coralui Chrome 43.0.2357 (Mac OS X 10.9.5).Coral_Icon markup #size"/>
    <testcase name="should hide component on false" time="0.014" classname="coralui Chrome 43.0.2357 (Mac OS X 10.9.5).Coral_Icon markup #hidden"/>
    <testcase name="should default to null" time="0.037" classname="coralui Chrome 43.0.2357 (Mac OS X 10.9.5).Coral_Icon API #icon"/>
    <testcase name="should set the new icon" time="0.002" classname="coralui Chrome 43.0.2357 (Mac OS X 10.9.5).Coral_Icon API #icon"/>
    <testcase name="should convert everything to a string" time="0.011" classname="coralui Chrome 43.0.2357 (Mac OS X 10.9.5).Coral_Icon API #icon"/>
    <testcase name="should set with an attribute" time="0.012" classname="coralui Chrome 43.0.2357 (Mac OS X 10.9.5).Coral_Icon API #icon"/>
    <testcase name="should not leave class traces" time="0.009" classname="coralui Chrome 43.0.2357 (Mac OS X 10.9.5).Coral_Icon API #icon"/>
    <testcase name="should remove the icon with null" time="0.027" classname="coralui Chrome 43.0.2357 (Mac OS X 10.9.5).Coral_Icon API #icon"/>
    <testcase name="should remove the icon with undefined" time="0.029" classname="coralui Chrome 43.0.2357 (Mac OS X 10.9.5).Coral_Icon API #icon"/>
    <testcase name="should remove the icon with empty string" time="0.033" classname="coralui Chrome 43.0.2357 (Mac OS X 10.9.5).Coral_Icon API #icon"/>
    <testcase name="should remove the icon when the attribute is removed" time="0.03" classname="coralui Chrome 43.0.2357 (Mac OS X 10.9.5).Coral_Icon API #icon"/>
    <testcase name="should default to Coral.Icon.size.SMALL" time="0.015" classname="coralui Chrome 43.0.2357 (Mac OS X 10.9.5).Coral_Icon API #size"/>
    <testcase name="should set the new size" time="0.016" classname="coralui Chrome 43.0.2357 (Mac OS X 10.9.5).Coral_Icon API #size"/>
    <testcase name="should accept lowercase values" time="0.01" classname="coralui Chrome 43.0.2357 (Mac OS X 10.9.5).Coral_Icon API #size"/>
    <testcase name="should be set with an attribute" time="0.011" classname="coralui Chrome 43.0.2357 (Mac OS X 10.9.5).Coral_Icon API #size"/>
    <testcase name="should discard values not part of the enum" time="0.014" classname="coralui Chrome 43.0.2357 (Mac OS X 10.9.5).Coral_Icon API #size"/>
    <testcase name="should discard unknonwn attribute" time="0.01" classname="coralui Chrome 43.0.2357 (Mac OS X 10.9.5).Coral_Icon API #size"/>
    <testcase name="should not remove unknonwn size classes" time="0.011" classname="coralui Chrome 43.0.2357 (Mac OS X 10.9.5).Coral_Icon API #size"/>
    <testcase name="should be defined" time="0.001" classname="coralui Chrome 43.0.2357 (Mac OS X 10.9.5).Coral_NumberInput namespace"/>
    <testcase name="should be possible using new" time="0.012" classname="coralui Chrome 43.0.2357 (Mac OS X 10.9.5).Coral_NumberInput instantiation"/>
    <testcase name="should be possible using createElement" time="0.012" classname="coralui Chrome 43.0.2357 (Mac OS X 10.9.5).Coral_NumberInput instantiation"/>
    <testcase name="should be possible using markup" time="0.029" classname="coralui Chrome 43.0.2357 (Mac OS X 10.9.5).Coral_NumberInput instantiation"/>
    <testcase name="should be settable from markup" time="0.015" classname="coralui Chrome 43.0.2357 (Mac OS X 10.9.5).Coral_NumberInput markup #invalid"/>
    <testcase name="should remain invalid after setting a valid number programatically" time="0.029" classname="coralui Chrome 43.0.2357 (Mac OS X 10.9.5).Coral_NumberInput markup #invalid"/>
    <testcase name="should remove invalid after user interaction" time="0.032" classname="coralui Chrome 43.0.2357 (Mac OS X 10.9.5).Coral_NumberInput markup #invalid"/>
    <testcase name="should remove invalid after button click" time="0.025" classname="coralui Chrome 43.0.2357 (Mac OS X 10.9.5).Coral_NumberInput markup #invalid"/>
    <testcase name="should increment value by step amount" time="0.001" classname="coralui Chrome 43.0.2357 (Mac OS X 10.9.5).Coral_NumberInput API #stepUp()"/>
    <testcase name="should consider empty value as 0" time="0.001" classname="coralui Chrome 43.0.2357 (Mac OS X 10.9.5).Coral_NumberInput API #stepUp()"/>
    <testcase name="should work with 0 as initial value" time="0.001" classname="coralui Chrome 43.0.2357 (Mac OS X 10.9.5).Coral_NumberInput API #stepUp()"/>
    <testcase name="should respect max value" time="0" classname="coralui Chrome 43.0.2357 (Mac OS X 10.9.5).Coral_NumberInput API #stepUp()"/>
    <testcase name="should still work while disabled" time="0.003" classname="coralui Chrome 43.0.2357 (Mac OS X 10.9.5).Coral_NumberInput API #stepUp()"/>
    <testcase name="should decrement value by step amount" time="0.001" classname="coralui Chrome 43.0.2357 (Mac OS X 10.9.5).Coral_NumberInput API #stepDown()"/>
    <testcase name="should consider empty value as 0" time="0.001" classname="coralui Chrome 43.0.2357 (Mac OS X 10.9.5).Coral_NumberInput API #stepDown()"/>
    <testcase name="should work with 0 as initial value" time="0.001" classname="coralui Chrome 43.0.2357 (Mac OS X 10.9.5).Coral_NumberInput API #stepDown()"/>
    <testcase name="should respect min value" time="0" classname="coralui Chrome 43.0.2357 (Mac OS X 10.9.5).Coral_NumberInput API #stepDown()"/>
    <testcase name="should still work while disabled" time="0.003" classname="coralui Chrome 43.0.2357 (Mac OS X 10.9.5).Coral_NumberInput API #stepDown()"/>
    <testcase name="should default to 1" time="0.019" classname="coralui Chrome 43.0.2357 (Mac OS X 10.9.5).Coral_NumberInput API #step"/>
    <testcase name="should change step amount" time="0.012" classname="coralui Chrome 43.0.2357 (Mac OS X 10.9.5).Coral_NumberInput API #step"/>
    <testcase name="should be ignored if the input is not a number" time="0.009" classname="coralui Chrome 43.0.2357 (Mac OS X 10.9.5).Coral_NumberInput API #step"/>
    <testcase name="should ignore invalid values" time="0.013" classname="coralui Chrome 43.0.2357 (Mac OS X 10.9.5).Coral_NumberInput API #step"/>
    <testcase name="should default to null" time="0.011" classname="coralui Chrome 43.0.2357 (Mac OS X 10.9.5).Coral_NumberInput API #min"/>
    <testcase name="should set min value" time="0.014" classname="coralui Chrome 43.0.2357 (Mac OS X 10.9.5).Coral_NumberInput API #min"/>
    <testcase name="should remove the min with null" time="0.03" classname="coralui Chrome 43.0.2357 (Mac OS X 10.9.5).Coral_NumberInput API #min"/>
    <testcase name="should remove the min with undefined" time="0.03" classname="coralui Chrome 43.0.2357 (Mac OS X 10.9.5).Coral_NumberInput API #min"/>
    <testcase name="should default to null" time="0.011" classname="coralui Chrome 43.0.2357 (Mac OS X 10.9.5).Coral_NumberInput API #max"/>
    <testcase name="should set max value" time="0.014" classname="coralui Chrome 43.0.2357 (Mac OS X 10.9.5).Coral_NumberInput API #max"/>
    <testcase name="should remove the max with null" time="0.028" classname="coralui Chrome 43.0.2357 (Mac OS X 10.9.5).Coral_NumberInput API #max"/>
    <testcase name="should remove the max with undefined" time="0.03" classname="coralui Chrome 43.0.2357 (Mac OS X 10.9.5).Coral_NumberInput API #max"/>
    <testcase name="should default to empty string" time="0.011" classname="coralui Chrome 43.0.2357 (Mac OS X 10.9.5).Coral_NumberInput API #value"/>
    <testcase name="should set the new value" time="0.014" classname="coralui Chrome 43.0.2357 (Mac OS X 10.9.5).Coral_NumberInput API #value"/>
    <testcase name="should ignore null" time="0.026" classname="coralui Chrome 43.0.2357 (Mac OS X 10.9.5).Coral_NumberInput API #value"/>
    <testcase name="should ignore boolean values" time="0.029" classname="coralui Chrome 43.0.2357 (Mac OS X 10.9.5).Coral_NumberInput API #value"/>
    <testcase name="should set the value regardless of the max and not set it invalid" time="0.009" classname="coralui Chrome 43.0.2357 (Mac OS X 10.9.5).Coral_NumberInput API #value"/>
    <testcase name="should set the value regardless of the min and not set it invalid" time="0.012" classname="coralui Chrome 43.0.2357 (Mac OS X 10.9.5).Coral_NumberInput API #value"/>
    <testcase name="should allow empty value" time="0.011" classname="coralui Chrome 43.0.2357 (Mac OS X 10.9.5).Coral_NumberInput API #value"/>
    <testcase name="will parseFloat input values" time="0.012" classname="coralui Chrome 43.0.2357 (Mac OS X 10.9.5).Coral_NumberInput API #value"/>
    <testcase name="should set NaN if non-empty input cannot be parsed to number" time="0.014" classname="coralui Chrome 43.0.2357 (Mac OS X 10.9.5).Coral_NumberInput API #value"/>
    <testcase name="should default to null" time="0" classname="coralui Chrome 43.0.2357 (Mac OS X 10.9.5).Coral_NumberInput API #valueAsNumber"/>
    <testcase name="should set the new value" time="0.008" classname="coralui Chrome 43.0.2357 (Mac OS X 10.9.5).Coral_NumberInput API #valueAsNumber"/>
    <testcase name="should set to NaN when conversion to number is not possible" time="0" classname="coralui Chrome 43.0.2357 (Mac OS X 10.9.5).Coral_NumberInput API #valueAsNumber"/>
    <testcase name="should get the new value" time="0" classname="coralui Chrome 43.0.2357 (Mac OS X 10.9.5).Coral_NumberInput API #valueAsNumber"/>
    <testcase name="should default to empty string" time="0" classname="coralui Chrome 43.0.2357 (Mac OS X 10.9.5).Coral_NumberInput API #name"/>
    <testcase name="should be set and reflected" time="0" classname="coralui Chrome 43.0.2357 (Mac OS X 10.9.5).Coral_NumberInput API #name"/>
    <testcase name="should default to false" time="0.003" classname="coralui Chrome 43.0.2357 (Mac OS X 10.9.5).Coral_NumberInput API #invalid"/>
    <testcase name="should set &quot;invalid&quot; on true" time="0.008" classname="coralui Chrome 43.0.2357 (Mac OS X 10.9.5).Coral_NumberInput API #invalid"/>
    <testcase name="should default to false" time="0.013" classname="coralui Chrome 43.0.2357 (Mac OS X 10.9.5).Coral_NumberInput API #disabled"/>
    <testcase name="should disable with true" time="0.013" classname="coralui Chrome 43.0.2357 (Mac OS X 10.9.5).Coral_NumberInput API #disabled"/>
    <testcase name="should enable it with false" time="0.011" classname="coralui Chrome 43.0.2357 (Mac OS X 10.9.5).Coral_NumberInput API #disabled"/>
    <testcase name="should preserve the disabled buttons state when it is re-enabled" time="0.046" classname="coralui Chrome 43.0.2357 (Mac OS X 10.9.5).Coral_NumberInput API #disabled"/>
    <testcase name="should handle manipulating disabled attribute" time="0.03" classname="coralui Chrome 43.0.2357 (Mac OS X 10.9.5).Coral_NumberInput API #disabled"/>
    <testcase name="should default to false" time="0" classname="coralui Chrome 43.0.2357 (Mac OS X 10.9.5).Coral_NumberInput API #readOnly"/>
    <testcase name="should block keys on readOnly" time="0" classname="coralui Chrome 43.0.2357 (Mac OS X 10.9.5).Coral_NumberInput API #readOnly"/>
    <testcase name="should ignore readOnly on stepUp() and stepDown()" time="0.001" classname="coralui Chrome 43.0.2357 (Mac OS X 10.9.5).Coral_NumberInput API #readOnly"/>
    <testcase name="should label the input" time="0.02" classname="coralui Chrome 43.0.2357 (Mac OS X 10.9.5).Coral_NumberInput API #labelledby"/>
    <testcase name="should default to true" time="0.001" classname="coralui Chrome 43.0.2357 (Mac OS X 10.9.5).Coral_NumberInput API #hidden"/>
    <testcase name="should hide component on false" time="0.01" classname="coralui Chrome 43.0.2357 (Mac OS X 10.9.5).Coral_NumberInput API #hidden"/>
    <testcase name="should default to &quot;&quot;" time="0.013" classname="coralui Chrome 43.0.2357 (Mac OS X 10.9.5).Coral_NumberInput API #placeholder"/>
    <testcase name="should be set and reflected" time="0.01" classname="coralui Chrome 43.0.2357 (Mac OS X 10.9.5).Coral_NumberInput API #placeholder"/>
    <testcase name="should now trigger change while setting values programatically" time="0.013" classname="coralui Chrome 43.0.2357 (Mac OS X 10.9.5).Coral_NumberInput events change"/>
    <testcase name="should trigger change when interacted with the input" time="0.016" classname="coralui Chrome 43.0.2357 (Mac OS X 10.9.5).Coral_NumberInput events change"/>
    <testcase name="should trigger change when interacted with the buttons" time="0.01" classname="coralui Chrome 43.0.2357 (Mac OS X 10.9.5).Coral_NumberInput events change"/>
    <testcase name="should go up when up is pressed" time="0.007" classname="coralui Chrome 43.0.2357 (Mac OS X 10.9.5).Coral_NumberInput user interaction"/>
    <testcase name="should ignore up while disabled/readonly" time="0.007" classname="coralui Chrome 43.0.2357 (Mac OS X 10.9.5).Coral_NumberInput user interaction"/>
    <testcase name="should go down when down is pressed" time="0.004" classname="coralui Chrome 43.0.2357 (Mac OS X 10.9.5).Coral_NumberInput user interaction"/>
    <testcase name="should ignore down while disabled/readonly" time="0.004" classname="coralui Chrome 43.0.2357 (Mac OS X 10.9.5).Coral_NumberInput user interaction"/>
    <testcase name="should go down when page down is pressed" time="0.003" classname="coralui Chrome 43.0.2357 (Mac OS X 10.9.5).Coral_NumberInput user interaction"/>
    <testcase name="should go down when page up is pressed" time="0.003" classname="coralui Chrome 43.0.2357 (Mac OS X 10.9.5).Coral_NumberInput user interaction"/>
    <testcase name="should go to max when home is pressed" time="0.003" classname="coralui Chrome 43.0.2357 (Mac OS X 10.9.5).Coral_NumberInput user interaction"/>
    <testcase name="should ignore home while disabled/readonly" time="0.004" classname="coralui Chrome 43.0.2357 (Mac OS X 10.9.5).Coral_NumberInput user interaction"/>
    <testcase name="should go to min when end is pressed" time="0.004" classname="coralui Chrome 43.0.2357 (Mac OS X 10.9.5).Coral_NumberInput user interaction"/>
    <testcase name="should ignore end while disabled/readonly" time="0.003" classname="coralui Chrome 43.0.2357 (Mac OS X 10.9.5).Coral_NumberInput user interaction"/>
    <testcase name="should update the value on input trigger" time="0" classname="coralui Chrome 43.0.2357 (Mac OS X 10.9.5).Coral_NumberInput user interaction"/>
    <testcase name="should update the value with the mouse wheel" time="0" classname="coralui Chrome 43.0.2357 (Mac OS X 10.9.5).Coral_NumberInput user interaction"/>
    <testcase name="should be defined in the Coral namespace" time="0" classname="coralui Chrome 43.0.2357 (Mac OS X 10.9.5).Coral_Overlay"/>
    <testcase name="should open and close the overlay when show()/hide() called" time="0.029" classname="coralui Chrome 43.0.2357 (Mac OS X 10.9.5).Coral_Overlay"/>
    <testcase name="should set the appropriate value for aria-hidden attribute when the overlay is shown/hidden" time="0.029" classname="coralui Chrome 43.0.2357 (Mac OS X 10.9.5).Coral_Overlay"/>
    <testcase name="should hide when any element with [coral-close] clicked" time="0.001" classname="coralui Chrome 43.0.2357 (Mac OS X 10.9.5).Coral_Overlay"/>
    <testcase name="should only hide if selector matches value of [coral-close], should not let events bubble" time="0.001" classname="coralui Chrome 43.0.2357 (Mac OS X 10.9.5).Coral_Overlay"/>
    <testcase name="should set alignAt and alignMy correctly for top" time="0" classname="coralui Chrome 43.0.2357 (Mac OS X 10.9.5).Coral_Overlay placement"/>
    <testcase name="should set alignAt and alignMy correctly for bottom" time="0" classname="coralui Chrome 43.0.2357 (Mac OS X 10.9.5).Coral_Overlay placement"/>
    <testcase name="should set alignAt and alignMy correctly for left" time="0" classname="coralui Chrome 43.0.2357 (Mac OS X 10.9.5).Coral_Overlay placement"/>
    <testcase name="should set alignAt and alignMy correctly for right" time="0" classname="coralui Chrome 43.0.2357 (Mac OS X 10.9.5).Coral_Overlay placement"/>
    <testcase name="should support DOM elements" time="0.001" classname="coralui Chrome 43.0.2357 (Mac OS X 10.9.5).Coral_Overlay target"/>
    <testcase name="should support _prev" time="0" classname="coralui Chrome 43.0.2357 (Mac OS X 10.9.5).Coral_Overlay target"/>
    <testcase name="should support _next" time="0" classname="coralui Chrome 43.0.2357 (Mac OS X 10.9.5).Coral_Overlay target"/>
    <testcase name="should support CSS selectors" time="0" classname="coralui Chrome 43.0.2357 (Mac OS X 10.9.5).Coral_Overlay target"/>
    <testcase name="should store null when null provided" time="0" classname="coralui Chrome 43.0.2357 (Mac OS X 10.9.5).Coral_Overlay target"/>
    <testcase name="namespace" time="0.001" classname="coralui Chrome 43.0.2357 (Mac OS X 10.9.5).Coral_Popover"/>
    <testcase name="should have correct default property values" time="0.001" classname="coralui Chrome 43.0.2357 (Mac OS X 10.9.5).Coral_Popover"/>
    <testcase name="should hide header when content set to empty" time="0.032" classname="coralui Chrome 43.0.2357 (Mac OS X 10.9.5).Coral_Popover"/>
    <testcase name="should hide header when content set to empty when not in DOM" time="0.049" classname="coralui Chrome 43.0.2357 (Mac OS X 10.9.5).Coral_Popover"/>
    <testcase name="should position the rendered header above content" time="0.017" classname="coralui Chrome 43.0.2357 (Mac OS X 10.9.5).Coral_Popover"/>
    <testcase name="should support creating a popover from markup without providing coral-popover-content" time="0.016" classname="coralui Chrome 43.0.2357 (Mac OS X 10.9.5).Coral_Popover"/>
    <testcase name="should close when a clicking outside of the popover" time="0.017" classname="coralui Chrome 43.0.2357 (Mac OS X 10.9.5).Coral_Popover"/>
    <testcase name="should close when target is clicked again" time="0.018" classname="coralui Chrome 43.0.2357 (Mac OS X 10.9.5).Coral_Popover"/>
    <testcase name="should close when a child element of target is clicked" time="0.019" classname="coralui Chrome 43.0.2357 (Mac OS X 10.9.5).Coral_Popover"/>
    <testcase name="should not close when preventAutoHide set to true" time="0" classname="coralui Chrome 43.0.2357 (Mac OS X 10.9.5).Coral_Popover">
      <skipped/>
    </testcase>
    <testcase name="should open when target is clicked" time="0.001" classname="coralui Chrome 43.0.2357 (Mac OS X 10.9.5).Coral_Popover"/>
    <testcase name="should close when target is clicked and already open" time="0" classname="coralui Chrome 43.0.2357 (Mac OS X 10.9.5).Coral_Popover"/>
    <testcase name="should not open when target changed and previous target is clicked" time="0.067" classname="coralui Chrome 43.0.2357 (Mac OS X 10.9.5).Coral_Popover"/>
    <testcase name="should not open on target click when interaction=&quot;off&quot;" time="0.001" classname="coralui Chrome 43.0.2357 (Mac OS X 10.9.5).Coral_Popover"/>
    <testcase name="should set .is-selected on target when opened/closed" time="0.033" classname="coralui Chrome 43.0.2357 (Mac OS X 10.9.5).Coral_Popover"/>
    <testcase name="should not blow away .is-selected on target if it already has it" time="0.034" classname="coralui Chrome 43.0.2357 (Mac OS X 10.9.5).Coral_Popover"/>
    <testcase name="should have the right className" time="0.005" classname="coralui Chrome 43.0.2357 (Mac OS X 10.9.5).Coral_Progress"/>
    <testcase name="should move child text content into the label content zone" time="0.008" classname="coralui Chrome 43.0.2357 (Mac OS X 10.9.5).Coral_Progress"/>
    <testcase name="should be defined" time="0" classname="coralui Chrome 43.0.2357 (Mac OS X 10.9.5).Coral_Progress namespace"/>
    <testcase name="should define the sizes in an enum" time="0.001" classname="coralui Chrome 43.0.2357 (Mac OS X 10.9.5).Coral_Progress namespace"/>
    <testcase name="should reflect value changes" time="0.013" classname="coralui Chrome 43.0.2357 (Mac OS X 10.9.5).Coral_Progress Public API"/>
    <testcase name="should reflect indeterminate state as DOM attribute" time="0.032" classname="coralui Chrome 43.0.2357 (Mac OS X 10.9.5).Coral_Progress Public API"/>
    <testcase name="label should be hidden when showPercent is off and label has no text content" time="0.001" classname="coralui Chrome 43.0.2357 (Mac OS X 10.9.5).Coral_Progress Public API"/>
    <testcase name="label should be visible when showPercent false and label has content" time="0.014" classname="coralui Chrome 43.0.2357 (Mac OS X 10.9.5).Coral_Progress Public API"/>
    <testcase name="should set correct classname when showpercent === false" time="0.014" classname="coralui Chrome 43.0.2357 (Mac OS X 10.9.5).Coral_Progress Public API"/>
    <testcase name="should set correct classname when showpercent === true" time="0.016" classname="coralui Chrome 43.0.2357 (Mac OS X 10.9.5).Coral_Progress Public API"/>
    <testcase name="should set the correct classname when switching sizes" time="0.031" classname="coralui Chrome 43.0.2357 (Mac OS X 10.9.5).Coral_Progress Public API"/>
    <testcase name="should accept lowercase size values" time="0.031" classname="coralui Chrome 43.0.2357 (Mac OS X 10.9.5).Coral_Progress Public API"/>
    <testcase name="should set the correct className when switching label positions" time="0.032" classname="coralui Chrome 43.0.2357 (Mac OS X 10.9.5).Coral_Progress Public API"/>
    <testcase name="should set minimum value when value set to null" time="0.001" classname="coralui Chrome 43.0.2357 (Mac OS X 10.9.5).Coral_Progress Public API"/>
    <testcase name="should set maximum value when value set to greater than maximum" time="0" classname="coralui Chrome 43.0.2357 (Mac OS X 10.9.5).Coral_Progress Public API"/>
    <testcase name="should set minimum value when value set to greater than minimum" time="0.001" classname="coralui Chrome 43.0.2357 (Mac OS X 10.9.5).Coral_Progress Public API"/>
    <testcase name="should set value to 0 when mode is indeterminate" time="0" classname="coralui Chrome 43.0.2357 (Mac OS X 10.9.5).Coral_Progress Public API"/>
    <testcase name="should remove relevant ARIA attributes when mode is indeterminate" time="0.028" classname="coralui Chrome 43.0.2357 (Mac OS X 10.9.5).Coral_Progress Accessibility"/>
    <testcase name="should be defined" time="0" classname="coralui Chrome 43.0.2357 (Mac OS X 10.9.5).Coral_Radio namespace"/>
    <testcase name="should be possible using new" time="0.014" classname="coralui Chrome 43.0.2357 (Mac OS X 10.9.5).Coral_Radio instantiation"/>
    <testcase name="should handle manipulating checked attribute" time="0.048" classname="coralui Chrome 43.0.2357 (Mac OS X 10.9.5).Coral_Radio markup #checked"/>
    <testcase name="should have proper defaults" time="0.003" classname="coralui Chrome 43.0.2357 (Mac OS X 10.9.5).Coral_Radio API"/>
    <testcase name="should be initially hidden" time="0.012" classname="coralui Chrome 43.0.2357 (Mac OS X 10.9.5).Coral_Radio API #label"/>
    <testcase name="should hide label when content set to empty" time="0.031" classname="coralui Chrome 43.0.2357 (Mac OS X 10.9.5).Coral_Radio API #label"/>
    <testcase name="should hide label when content set to empty when not in DOM" time="0.047" classname="coralui Chrome 43.0.2357 (Mac OS X 10.9.5).Coral_Radio API #label"/>
    <testcase name="should reflect value changes" time="0.015" classname="coralui Chrome 43.0.2357 (Mac OS X 10.9.5).Coral_Radio API #value"/>
    <testcase name="should reflect checked value" time="0.015" classname="coralui Chrome 43.0.2357 (Mac OS X 10.9.5).Coral_Radio API #checked"/>
    <testcase name="should reflect unchecked value" time="0.014" classname="coralui Chrome 43.0.2357 (Mac OS X 10.9.5).Coral_Radio API #checked"/>
    <testcase name="should reflect disabled value" time="0.015" classname="coralui Chrome 43.0.2357 (Mac OS X 10.9.5).Coral_Radio API #disabled"/>
    <testcase name="should reflect enabled value" time="0.012" classname="coralui Chrome 43.0.2357 (Mac OS X 10.9.5).Coral_Radio API #disabled"/>
    <testcase name="should handle manipulating disabled attribute" time="0.032" classname="coralui Chrome 43.0.2357 (Mac OS X 10.9.5).Coral_Radio API #disabled"/>
    <testcase name="should trigger change on click" time="0.015" classname="coralui Chrome 43.0.2357 (Mac OS X 10.9.5).Coral_Radio events"/>
    <testcase name="should not trigger change event when setting checked property" time="0.014" classname="coralui Chrome 43.0.2357 (Mac OS X 10.9.5).Coral_Radio events"/>
    <testcase name="should trigger change event, when clicked" time="0.012" classname="coralui Chrome 43.0.2357 (Mac OS X 10.9.5).Coral_Radio events"/>
    <testcase name="should not trigger change event if value changed" time="0.014" classname="coralui Chrome 43.0.2357 (Mac OS X 10.9.5).Coral_Radio events"/>
    <testcase name="should correctly maintain one checked member" time="0.001" classname="coralui Chrome 43.0.2357 (Mac OS X 10.9.5).Coral_Radio named sets"/>
    <testcase name="should not change checked member if unchecked radio is added" time="0.001" classname="coralui Chrome 43.0.2357 (Mac OS X 10.9.5).Coral_Radio named sets when dynamic"/>
    <testcase name="should change checked member if checked radio is added" time="0" classname="coralui Chrome 43.0.2357 (Mac OS X 10.9.5).Coral_Radio named sets when dynamic"/>
    <testcase name="should include the internal input value when checked" time="0.005" classname="coralui Chrome 43.0.2357 (Mac OS X 10.9.5).Coral_Radio in a form"/>
    <testcase name="should not include the internal input value when not checked" time="0.008" classname="coralui Chrome 43.0.2357 (Mac OS X 10.9.5).Coral_Radio in a form"/>
    <testcase name="should not include the internal input value when not named" time="0.015" classname="coralui Chrome 43.0.2357 (Mac OS X 10.9.5).Coral_Radio in a form"/>
    <testcase name="should include the new value if the value was changed" time="0.014" classname="coralui Chrome 43.0.2357 (Mac OS X 10.9.5).Coral_Radio in a form"/>
    <testcase name="should be defined" time="0.001" classname="coralui Chrome 43.0.2357 (Mac OS X 10.9.5).Coral_Select_Item namespace"/>
    <testcase name="should default to empty string" time="0.001" classname="coralui Chrome 43.0.2357 (Mac OS X 10.9.5).Coral_Select_Item API #content"/>
    <testcase name="should support HTML content" time="0" classname="coralui Chrome 43.0.2357 (Mac OS X 10.9.5).Coral_Select_Item API #content"/>
    <testcase name="should default empty string" time="0.013" classname="coralui Chrome 43.0.2357 (Mac OS X 10.9.5).Coral_Select_Item API #value"/>
    <testcase name="should default to the content" time="0.014" classname="coralui Chrome 43.0.2357 (Mac OS X 10.9.5).Coral_Select_Item API #value"/>
    <testcase name="should keep maximum 1 space from the content" time="0" classname="coralui Chrome 43.0.2357 (Mac OS X 10.9.5).Coral_Select_Item API #value"/>
    <testcase name="should remove the html from the value" time="0.001" classname="coralui Chrome 43.0.2357 (Mac OS X 10.9.5).Coral_Select_Item API #value"/>
    <testcase name="should convert the value to string" time="0.013" classname="coralui Chrome 43.0.2357 (Mac OS X 10.9.5).Coral_Select_Item API #value"/>
    <testcase name="should reflect the value" time="0.015" classname="coralui Chrome 43.0.2357 (Mac OS X 10.9.5).Coral_Select_Item API #value"/>
    <testcase name="should be not be selected by default" time="0.014" classname="coralui Chrome 43.0.2357 (Mac OS X 10.9.5).Coral_Select_Item API #selected"/>
    <testcase name="should be settable" time="0" classname="coralui Chrome 43.0.2357 (Mac OS X 10.9.5).Coral_Select_Item API #selected">
      <skipped/>
    </testcase>
    <testcase name="should accept truthy" time="0" classname="coralui Chrome 43.0.2357 (Mac OS X 10.9.5).Coral_Select_Item API #selected">
      <skipped/>
    </testcase>
    <testcase name="should be not be disabled by default" time="0.015" classname="coralui Chrome 43.0.2357 (Mac OS X 10.9.5).Coral_Select_Item API #disabled"/>
    <testcase name="should be settable" time="0.014" classname="coralui Chrome 43.0.2357 (Mac OS X 10.9.5).Coral_Select_Item API #disabled"/>
    <testcase name="should accept truthy" time="0.015" classname="coralui Chrome 43.0.2357 (Mac OS X 10.9.5).Coral_Select_Item API #disabled"/>
    <testcase name="should have content set to innerHTML if property not provided" time="0.015" classname="coralui Chrome 43.0.2357 (Mac OS X 10.9.5).Coral_Select_Item markup #content"/>
    <testcase name="should support HTML content" time="0.014" classname="coralui Chrome 43.0.2357 (Mac OS X 10.9.5).Coral_Select_Item markup #content"/>
    <testcase name="should set the value from markup" time="0.015" classname="coralui Chrome 43.0.2357 (Mac OS X 10.9.5).Coral_Select_Item markup #value"/>
    <testcase name="should default to the content" time="0.014" classname="coralui Chrome 43.0.2357 (Mac OS X 10.9.5).Coral_Select_Item markup #value"/>
    <testcase name="should fall back to content if attribute is removed" time="0" classname="coralui Chrome 43.0.2357 (Mac OS X 10.9.5).Coral_Select_Item markup #value">
      <skipped/>
    </testcase>
    <testcase name="should not be selected by default" time="0.015" classname="coralui Chrome 43.0.2357 (Mac OS X 10.9.5).Coral_Select_Item markup #selected"/>
    <testcase name="should not be disabled by default" time="0.015" classname="coralui Chrome 43.0.2357 (Mac OS X 10.9.5).Coral_Select_Item markup #disabled"/>
    <testcase name="should always be hidden" time="0.016" classname="coralui Chrome 43.0.2357 (Mac OS X 10.9.5).Coral_Select_Item implementation details"/>
    <testcase name="should have correct accesibility values" time="0.013" classname="coralui Chrome 43.0.2357 (Mac OS X 10.9.5).Coral_Select_Item implementation details"/>
    <testcase name="should be defined" time="0.001" classname="coralui Chrome 43.0.2357 (Mac OS X 10.9.5).Coral_Select namespace"/>
    <testcase name="should be possible using new" time="0.007" classname="coralui Chrome 43.0.2357 (Mac OS X 10.9.5).Coral_Select instantiation"/>
    <testcase name="should be possible using createElement" time="0.004" classname="coralui Chrome 43.0.2357 (Mac OS X 10.9.5).Coral_Select instantiation"/>
    <testcase name="should be possible using markup" time="0.009" classname="coralui Chrome 43.0.2357 (Mac OS X 10.9.5).Coral_Select instantiation"/>
    <testcase name="should default to false" time="0" classname="coralui Chrome 43.0.2357 (Mac OS X 10.9.5).Coral_Select API #multiple"/>
    <testcase name="should not allow multiple selection when false" time="0.004" classname="coralui Chrome 43.0.2357 (Mac OS X 10.9.5).Coral_Select API #multiple"/>
    <testcase name="should to allow multiple selection when true" time="0" classname="coralui Chrome 43.0.2357 (Mac OS X 10.9.5).Coral_Select API #multiple">
      <skipped/>
    </testcase>
    <testcase name="should allow inserting new items" time="0.018" classname="coralui Chrome 43.0.2357 (Mac OS X 10.9.5).Coral_Select API #multiple"/>
    <testcase name="should default to empty string" time="0.005" classname="coralui Chrome 43.0.2357 (Mac OS X 10.9.5).Coral_Select API #placeholder"/>
    <testcase name="should default to empty string if empty" time="0.02" classname="coralui Chrome 43.0.2357 (Mac OS X 10.9.5).Coral_Select API #placeholder"/>
    <testcase name="should default to firstSelectable" time="0.005" classname="coralui Chrome 43.0.2357 (Mac OS X 10.9.5).Coral_Select API #placeholder"/>
    <testcase name="should to &quot;Select&quot; if multiple" time="0.003" classname="coralui Chrome 43.0.2357 (Mac OS X 10.9.5).Coral_Select API #placeholder"/>
    <testcase name="should to &quot;Select&quot; if multiple" time="0.009" classname="coralui Chrome 43.0.2357 (Mac OS X 10.9.5).Coral_Select API #placeholder"/>
    <testcase name="should be &quot;Select&quot; if multiple and has a selectedItem" time="0.004" classname="coralui Chrome 43.0.2357 (Mac OS X 10.9.5).Coral_Select API #placeholder"/>
    <testcase name="should be &quot;Select&quot; if multiple and no selectedItem" time="0.004" classname="coralui Chrome 43.0.2357 (Mac OS X 10.9.5).Coral_Select API #placeholder"/>
    <testcase name="should show the placeholder with multiple and selectedItem(s)" time="0.016" classname="coralui Chrome 43.0.2357 (Mac OS X 10.9.5).Coral_Select API #placeholder"/>
    <testcase name="should show the placeholder with multiple and no selectedItem(s)" time="0.003" classname="coralui Chrome 43.0.2357 (Mac OS X 10.9.5).Coral_Select API #placeholder"/>
    <testcase name="should have empty string as default" time="0" classname="coralui Chrome 43.0.2357 (Mac OS X 10.9.5).Coral_Select API #name"/>
    <testcase name="should submit nothing when name is not specified even though an item is selected" time="0.017" classname="coralui Chrome 43.0.2357 (Mac OS X 10.9.5).Coral_Select API #name"/>
    <testcase name="should set the name to the native select" time="0" classname="coralui Chrome 43.0.2357 (Mac OS X 10.9.5).Coral_Select API #name"/>
    <testcase name="should submit the one single value" time="0.016" classname="coralui Chrome 43.0.2357 (Mac OS X 10.9.5).Coral_Select API #name"/>
    <testcase name="should submit multiple values when multiple" time="0" classname="coralui Chrome 43.0.2357 (Mac OS X 10.9.5).Coral_Select API #name">
      <skipped/>
    </testcase>
    <testcase name="should allow to add a selected item using object notation" time="0.009" classname="coralui Chrome 43.0.2357 (Mac OS X 10.9.5).Coral_Select API #items #add()"/>
    <testcase name="stops items from being selected before being added" time="0.018" classname="coralui Chrome 43.0.2357 (Mac OS X 10.9.5).Coral_Select API #items #add()"/>
    <testcase name="should default to false" time="0.022" classname="coralui Chrome 43.0.2357 (Mac OS X 10.9.5).Coral_Select markup #multiple"/>
    <testcase name="should remove the attribute" time="0.028" classname="coralui Chrome 43.0.2357 (Mac OS X 10.9.5).Coral_Select markup #multiple"/>
    <testcase name="should be settable in the markup" time="0.016" classname="coralui Chrome 43.0.2357 (Mac OS X 10.9.5).Coral_Select markup #multiple"/>
    <testcase name="should to allow multiple selection when true" time="0.031" classname="coralui Chrome 43.0.2357 (Mac OS X 10.9.5).Coral_Select markup #multiple"/>
    <testcase name="should not trigger change while setting values programatically" time="0.025" classname="coralui Chrome 43.0.2357 (Mac OS X 10.9.5).Coral_Select events change"/>
    <testcase name="should not trigger change setting the value" time="0.022" classname="coralui Chrome 43.0.2357 (Mac OS X 10.9.5).Coral_Select events change"/>
    <testcase name="should trigger change if the user interacts with the selectlist" time="0.05" classname="coralui Chrome 43.0.2357 (Mac OS X 10.9.5).Coral_Select events change"/>
    <testcase name="should not trigger change if the user selects the same item" time="0.083" classname="coralui Chrome 43.0.2357 (Mac OS X 10.9.5).Coral_Select events change"/>
    <testcase name="should be defined" time="0" classname="coralui Chrome 43.0.2357 (Mac OS X 10.9.5).Coral_SelectList namespace"/>
    <testcase name="should be possible using new" time="0.002" classname="coralui Chrome 43.0.2357 (Mac OS X 10.9.5).Coral_SelectList instantiation"/>
    <testcase name="should be possible using createElement" time="0.001" classname="coralui Chrome 43.0.2357 (Mac OS X 10.9.5).Coral_SelectList instantiation"/>
    <testcase name="should be possible using markup" time="0.005" classname="coralui Chrome 43.0.2357 (Mac OS X 10.9.5).Coral_SelectList instantiation"/>
    <testcase name="#items cannot be set" time="0.001" classname="coralui Chrome 43.0.2357 (Mac OS X 10.9.5).Coral_SelectList Selection mixin tests API"/>
    <testcase name="#items should default to 0" time="0" classname="coralui Chrome 43.0.2357 (Mac OS X 10.9.5).Coral_SelectList Selection mixin tests API"/>
    <testcase name="#set multiple should return set value" time="0" classname="coralui Chrome 43.0.2357 (Mac OS X 10.9.5).Coral_SelectList Selection mixin tests API"/>
    <testcase name="triggers coral-collection:add on appendChild" time="0.005" classname="coralui Chrome 43.0.2357 (Mac OS X 10.9.5).Coral_SelectList Selection mixin tests API"/>
    <testcase name="triggers coral-collection:remove on removeChild" time="0.027" classname="coralui Chrome 43.0.2357 (Mac OS X 10.9.5).Coral_SelectList Selection mixin tests API"/>
    <testcase name="#add should support config to create an item" time="0.004" classname="coralui Chrome 43.0.2357 (Mac OS X 10.9.5).Coral_SelectList Selection mixin tests API"/>
    <testcase name="#add with before null should insert at the end" time="0.004" classname="coralui Chrome 43.0.2357 (Mac OS X 10.9.5).Coral_SelectList Selection mixin tests API"/>
    <testcase name="#add is able to insert before" time="0.006" classname="coralui Chrome 43.0.2357 (Mac OS X 10.9.5).Coral_SelectList Selection mixin tests API"/>
    <testcase name="#getAll should be empty initially" time="0" classname="coralui Chrome 43.0.2357 (Mac OS X 10.9.5).Coral_SelectList Selection mixin tests API"/>
    <testcase name="#clear should remove all items" time="0.053" classname="coralui Chrome 43.0.2357 (Mac OS X 10.9.5).Coral_SelectList Selection mixin tests API"/>
    <testcase name="should default to null" time="0.001" classname="coralui Chrome 43.0.2357 (Mac OS X 10.9.5).Coral_SelectList Selection mixin tests API #selectedItem"/>
    <testcase name="should take the last selected if not multiple, post init" time="0.016" classname="coralui Chrome 43.0.2357 (Mac OS X 10.9.5).Coral_SelectList Selection mixin tests API #selectedItem"/>
    <testcase name="should take the first selected on multiple, post init" time="0.029" classname="coralui Chrome 43.0.2357 (Mac OS X 10.9.5).Coral_SelectList Selection mixin tests API #selectedItem"/>
    <testcase name="should default to null" time="0.012" classname="coralui Chrome 43.0.2357 (Mac OS X 10.9.5).Coral_SelectList API #selectedItem"/>
    <testcase name="should take the last selected if not multiple" time="0.028" classname="coralui Chrome 43.0.2357 (Mac OS X 10.9.5).Coral_SelectList API #selectedItem"/>
    <testcase name="should take the first selected with multiple" time="0.027" classname="coralui Chrome 43.0.2357 (Mac OS X 10.9.5).Coral_SelectList API #selectedItem"/>
    <testcase name="should read the selected from the markup" time="0.01" classname="coralui Chrome 43.0.2357 (Mac OS X 10.9.5).Coral_SelectList API #selectedItem"/>
    <testcase name="should show a loading indicator when set to true" time="0.028" classname="coralui Chrome 43.0.2357 (Mac OS X 10.9.5).Coral_SelectList API #loading"/>
    <testcase name="should hide a loading indicator when set to false" time="0.045" classname="coralui Chrome 43.0.2357 (Mac OS X 10.9.5).Coral_SelectList API #loading"/>
    <testcase name="should always add the loading at the end" time="0.063" classname="coralui Chrome 43.0.2357 (Mac OS X 10.9.5).Coral_SelectList API #loading"/>
    <testcase name="retrieves all groups" time="0.001" classname="coralui Chrome 43.0.2357 (Mac OS X 10.9.5).Coral_SelectList API #groups"/>
    <testcase name="adds a group instance" time="0" classname="coralui Chrome 43.0.2357 (Mac OS X 10.9.5).Coral_SelectList API #groups"/>
    <testcase name="adds a group using a config object" time="0.001" classname="coralui Chrome 43.0.2357 (Mac OS X 10.9.5).Coral_SelectList API #groups"/>
    <testcase name="removes a group" time="0.002" classname="coralui Chrome 43.0.2357 (Mac OS X 10.9.5).Coral_SelectList API #groups"/>
    <testcase name="clears all groups" time="0.003" classname="coralui Chrome 43.0.2357 (Mac OS X 10.9.5).Coral_SelectList API #groups"/>
    <testcase name="should trigger a scrollbottom event when user scrolls to the bottom of the list" time="0.069" classname="coralui Chrome 43.0.2357 (Mac OS X 10.9.5).Coral_SelectList events coral-selectlist:scrollbottom"/>
    <testcase name="should be defined" time="0" classname="coralui Chrome 43.0.2357 (Mac OS X 10.9.5).Coral_SelectList_Item namespace"/>
    <testcase name="should be possible using new" time="0.001" classname="coralui Chrome 43.0.2357 (Mac OS X 10.9.5).Coral_SelectList_Item instantiation"/>
    <testcase name="should be possible using createElement" time="0" classname="coralui Chrome 43.0.2357 (Mac OS X 10.9.5).Coral_SelectList_Item instantiation"/>
    <testcase name="should be possible using markup" time="0.001" classname="coralui Chrome 43.0.2357 (Mac OS X 10.9.5).Coral_SelectList_Item instantiation"/>
    <testcase name="should return textContent if not explictly set" time="0.001" classname="coralui Chrome 43.0.2357 (Mac OS X 10.9.5).Coral_SelectList_Item value property"/>
    <testcase name="should reflect an explicitly set string value" time="0.001" classname="coralui Chrome 43.0.2357 (Mac OS X 10.9.5).Coral_SelectList_Item value property"/>
    <testcase name="should reference the item" time="0" classname="coralui Chrome 43.0.2357 (Mac OS X 10.9.5).Coral_SelectList_Item content property"/>
    <testcase name="should be defined" time="0.001" classname="coralui Chrome 43.0.2357 (Mac OS X 10.9.5).Coral_SelectList_Group namespace"/>
    <testcase name="should be possible using new" time="0" classname="coralui Chrome 43.0.2357 (Mac OS X 10.9.5).Coral_SelectList_Group instantiation"/>
    <testcase name="should be possible using createElement" time="0.001" classname="coralui Chrome 43.0.2357 (Mac OS X 10.9.5).Coral_SelectList_Group instantiation"/>
    <testcase name="should be possible using markup" time="0.001" classname="coralui Chrome 43.0.2357 (Mac OS X 10.9.5).Coral_SelectList_Group instantiation"/>
    <testcase name="should reflect an explicitly set string value" time="0" classname="coralui Chrome 43.0.2357 (Mac OS X 10.9.5).Coral_SelectList_Group label property"/>
    <testcase name="retrieves all items" time="0.001" classname="coralui Chrome 43.0.2357 (Mac OS X 10.9.5).Coral_SelectList_Group items"/>
    <testcase name="adds an item instance" time="0.002" classname="coralui Chrome 43.0.2357 (Mac OS X 10.9.5).Coral_SelectList_Group items"/>
    <testcase name="adds an item using a config object" time="0.001" classname="coralui Chrome 43.0.2357 (Mac OS X 10.9.5).Coral_SelectList_Group items"/>
    <testcase name="removes an item" time="0.002" classname="coralui Chrome 43.0.2357 (Mac OS X 10.9.5).Coral_SelectList_Group items"/>
    <testcase name="clears all items" time="0.002" classname="coralui Chrome 43.0.2357 (Mac OS X 10.9.5).Coral_SelectList_Group items"/>
    <testcase name="should be defined in Coral namespace" time="0" classname="coralui Chrome 43.0.2357 (Mac OS X 10.9.5).Coral_Slider"/>
    <testcase name="should be a slider" time="0" classname="coralui Chrome 43.0.2357 (Mac OS X 10.9.5).Coral_Slider from markup"/>
    <testcase name="should have attributes set for min, max, step and value if any are missing" time="0.002" classname="coralui Chrome 43.0.2357 (Mac OS X 10.9.5).Coral_Slider from markup"/>
    <testcase name="should create an input field" time="0" classname="coralui Chrome 43.0.2357 (Mac OS X 10.9.5).Coral_Slider from options"/>
    <testcase name="should correctly set the initial input value" time="0" classname="coralui Chrome 43.0.2357 (Mac OS X 10.9.5).Coral_Slider from options"/>
    <testcase name="should add a tooltip element for the handle (single)" time="0" classname="coralui Chrome 43.0.2357 (Mac OS X 10.9.5).Coral_Slider single slider with option tooltips=&quot;true&quot;"/>
    <testcase name="should match the tooltip text to the input value on value change (default tooltip formatter)" time="0.01" classname="coralui Chrome 43.0.2357 (Mac OS X 10.9.5).Coral_Slider single slider with option tooltips=&quot;true&quot;"/>
    <testcase name="should add a tooltip element for each handle (range)" time="0" classname="coralui Chrome 43.0.2357 (Mac OS X 10.9.5).Coral_Slider range slinder with option tooltips=&quot;true&quot;"/>
    <testcase name="should add a single fill element" time="0.001" classname="coralui Chrome 43.0.2357 (Mac OS X 10.9.5).Coral_Slider with option filled=&quot;true&quot;"/>
    <testcase name="should mark the slider as vertical" time="0" classname="coralui Chrome 43.0.2357 (Mac OS X 10.9.5).Coral_Slider with option orientation=&quot;vertical&quot;"/>
    <testcase name="should have expected step value set" time="0" classname="coralui Chrome 43.0.2357 (Mac OS X 10.9.5).Coral_Slider api #step"/>
    <testcase name="should be ignored if the input is not a number" time="0.001" classname="coralui Chrome 43.0.2357 (Mac OS X 10.9.5).Coral_Slider api #step"/>
    <testcase name="should ignore invalid numeric values" time="0.001" classname="coralui Chrome 43.0.2357 (Mac OS X 10.9.5).Coral_Slider api #step"/>
    <testcase name="should ignore negative values" time="0" classname="coralui Chrome 43.0.2357 (Mac OS X 10.9.5).Coral_Slider api #step"/>
    <testcase name="should correctly set the input value" time="0.002" classname="coralui Chrome 43.0.2357 (Mac OS X 10.9.5).Coral_Slider api set(&apos;value&apos;, value)"/>
    <testcase name="should correctly snap input values to the nearest step" time="0.002" classname="coralui Chrome 43.0.2357 (Mac OS X 10.9.5).Coral_Slider api set(&apos;value&apos;, value)"/>
    <testcase name="should not trigger a change event on the input field" time="0.202" classname="coralui Chrome 43.0.2357 (Mac OS X 10.9.5).Coral_Slider api set(&apos;value&apos;, value)"/>
    <testcase name="should correctly set declared input value of a range input" time="0.005" classname="coralui Chrome 43.0.2357 (Mac OS X 10.9.5).Coral_Slider api set(&apos;values&apos;, [x,y])"/>
    <testcase name="moves the value to the next step using keys" time="0.019" classname="coralui Chrome 43.0.2357 (Mac OS X 10.9.5).Coral_Slider accessibility"/>
    <testcase name="move the value to the previous step using keys" time="0.013" classname="coralui Chrome 43.0.2357 (Mac OS X 10.9.5).Coral_Slider accessibility"/>
    <testcase name="pages up on &quot;page up&quot; keypress" time="0.014" classname="coralui Chrome 43.0.2357 (Mac OS X 10.9.5).Coral_Slider accessibility"/>
    <testcase name="page down on &quot;page down&quot; keypress" time="0.014" classname="coralui Chrome 43.0.2357 (Mac OS X 10.9.5).Coral_Slider accessibility"/>
    <testcase name="moves to min on &quot;home&quot; keypress" time="0.016" classname="coralui Chrome 43.0.2357 (Mac OS X 10.9.5).Coral_Slider accessibility"/>
    <testcase name="moves to max on &quot;end&quot; keypress" time="0.014" classname="coralui Chrome 43.0.2357 (Mac OS X 10.9.5).Coral_Slider accessibility"/>
    <testcase name="does not precede min limits when moving to prev step via keys" time="0.013" classname="coralui Chrome 43.0.2357 (Mac OS X 10.9.5).Coral_Slider accessibility"/>
    <testcase name="does not exceed max limits when moving to next step via keys" time="0.014" classname="coralui Chrome 43.0.2357 (Mac OS X 10.9.5).Coral_Slider accessibility"/>
    <testcase name="expects the input to have type=range" time="0" classname="coralui Chrome 43.0.2357 (Mac OS X 10.9.5).Coral_Slider accessibility in browsers using that support input[type=range]"/>
    <testcase name="expects the handle to have no defined role" time="0" classname="coralui Chrome 43.0.2357 (Mac OS X 10.9.5).Coral_Slider accessibility in browsers using that support input[type=range]"/>
    <testcase name="min" time="0.011" classname="coralui Chrome 43.0.2357 (Mac OS X 10.9.5).Coral_Slider accessibility in browsers using that support input[type=range] expects the input to have correct"/>
    <testcase name="max" time="0.014" classname="coralui Chrome 43.0.2357 (Mac OS X 10.9.5).Coral_Slider accessibility in browsers using that support input[type=range] expects the input to have correct"/>
    <testcase name="step" time="0.014" classname="coralui Chrome 43.0.2357 (Mac OS X 10.9.5).Coral_Slider accessibility in browsers using that support input[type=range] expects the input to have correct"/>
    <testcase name="value" time="0.015" classname="coralui Chrome 43.0.2357 (Mac OS X 10.9.5).Coral_Slider accessibility in browsers using that support input[type=range] expects the input to have correct"/>
    <testcase name="aria-valuetext" time="0.016" classname="coralui Chrome 43.0.2357 (Mac OS X 10.9.5).Coral_Slider accessibility in browsers using that support input[type=range] expects the input to have correct"/>
    <testcase name="should set value and aria-valuetext" time="0.016" classname="coralui Chrome 43.0.2357 (Mac OS X 10.9.5).Coral_Slider accessibility in browsers using that support input[type=range] expects the input to have correct setValue(value)"/>
    <testcase name="should correctly snap value to the nearest step" time="0.004" classname="coralui Chrome 43.0.2357 (Mac OS X 10.9.5).Coral_Slider accessibility in browsers using that support input[type=range] expects the input to have correct setValue(value)"/>
    <testcase name="should be defined" time="0" classname="coralui Chrome 43.0.2357 (Mac OS X 10.9.5).Coral_Slider namespace"/>
    <testcase name="should be possible using new" time="0.003" classname="coralui Chrome 43.0.2357 (Mac OS X 10.9.5).Coral_Slider instantiation"/>
    <testcase name="should be possible using createElement" time="0.002" classname="coralui Chrome 43.0.2357 (Mac OS X 10.9.5).Coral_Slider instantiation"/>
    <testcase name="should be possible using markup" time="0.012" classname="coralui Chrome 43.0.2357 (Mac OS X 10.9.5).Coral_Slider instantiation"/>
    <testcase name="should be possible setting the step" time="0.006" classname="coralui Chrome 43.0.2357 (Mac OS X 10.9.5).Coral_Slider API"/>
    <testcase name="should be possible setting the min" time="0.01" classname="coralui Chrome 43.0.2357 (Mac OS X 10.9.5).Coral_Slider API"/>
    <testcase name="should be possible setting the max" time="0.013" classname="coralui Chrome 43.0.2357 (Mac OS X 10.9.5).Coral_Slider API"/>
    <testcase name="should be possible setting the value" time="0.011" classname="coralui Chrome 43.0.2357 (Mac OS X 10.9.5).Coral_Slider API"/>
    <testcase name="should be possible setting the orientation" time="0.013" classname="coralui Chrome 43.0.2357 (Mac OS X 10.9.5).Coral_Slider API"/>
    <testcase name="simulate focus and blur on a handle" time="0.027" classname="coralui Chrome 43.0.2357 (Mac OS X 10.9.5).Coral_Slider user interaction"/>
    <testcase name="decrease with left" time="0.003" classname="coralui Chrome 43.0.2357 (Mac OS X 10.9.5).Coral_Slider user interaction keyboard handling"/>
    <testcase name="decrease with pageDown" time="0.001" classname="coralui Chrome 43.0.2357 (Mac OS X 10.9.5).Coral_Slider user interaction keyboard handling"/>
    <testcase name="decrease with down" time="0.001" classname="coralui Chrome 43.0.2357 (Mac OS X 10.9.5).Coral_Slider user interaction keyboard handling"/>
    <testcase name="increase with right" time="0.001" classname="coralui Chrome 43.0.2357 (Mac OS X 10.9.5).Coral_Slider user interaction keyboard handling"/>
    <testcase name="increase with pageUp" time="0.001" classname="coralui Chrome 43.0.2357 (Mac OS X 10.9.5).Coral_Slider user interaction keyboard handling"/>
    <testcase name="increase with up" time="0.001" classname="coralui Chrome 43.0.2357 (Mac OS X 10.9.5).Coral_Slider user interaction keyboard handling"/>
    <testcase name="go to min with home" time="0.001" classname="coralui Chrome 43.0.2357 (Mac OS X 10.9.5).Coral_Slider user interaction keyboard handling"/>
    <testcase name="go to max with end" time="0.001" classname="coralui Chrome 43.0.2357 (Mac OS X 10.9.5).Coral_Slider user interaction keyboard handling"/>
    <testcase name="decrease without going beneth the minimum" time="0.004" classname="coralui Chrome 43.0.2357 (Mac OS X 10.9.5).Coral_Slider user interaction keyboard handling"/>
    <testcase name="increase without going above the minimum" time="0.003" classname="coralui Chrome 43.0.2357 (Mac OS X 10.9.5).Coral_Slider user interaction keyboard handling"/>
    <testcase name="drag to maximum" time="0.021" classname="coralui Chrome 43.0.2357 (Mac OS X 10.9.5).Coral_Slider user interaction mouse handling"/>
    <testcase name="drag to maximum" time="0.027" classname="coralui Chrome 43.0.2357 (Mac OS X 10.9.5).Coral_Slider user interaction mouse handling"/>
    <testcase name="change input element directly like a screenreader would do" time="0.007" classname="coralui Chrome 43.0.2357 (Mac OS X 10.9.5).Coral_Slider user interaction accessibility"/>
    <testcase name="should be defined" time="0.001" classname="coralui Chrome 43.0.2357 (Mac OS X 10.9.5).Coral_TagList namespace"/>
    <testcase name="should have a role" time="0.015" classname="coralui Chrome 43.0.2357 (Mac OS X 10.9.5).Coral_TagList TagList markup"/>
    <testcase name="should have label set to innerHTML if property not provided" time="0.013" classname="coralui Chrome 43.0.2357 (Mac OS X 10.9.5).Coral_TagList Tag markup"/>
    <testcase name="should block user interaction" time="0.029" classname="coralui Chrome 43.0.2357 (Mac OS X 10.9.5).Coral_TagList Tag API"/>
    <testcase name="should set the value without setting it to an input element" time="0.032" classname="coralui Chrome 43.0.2357 (Mac OS X 10.9.5).Coral_TagList Tag API"/>
    <testcase name="should set multiline class if property is true" time="0.03" classname="coralui Chrome 43.0.2357 (Mac OS X 10.9.5).Coral_TagList Tag API"/>
    <testcase name="should set quiet class if property is true" time="0.028" classname="coralui Chrome 43.0.2357 (Mac OS X 10.9.5).Coral_TagList Tag API"/>
    <testcase name="should remove tag if its button is triggered" time="0.031" classname="coralui Chrome 43.0.2357 (Mac OS X 10.9.5).Coral_TagList Tag API"/>
    <testcase name="should set another tag color" time="0.032" classname="coralui Chrome 43.0.2357 (Mac OS X 10.9.5).Coral_TagList Tag API"/>
    <testcase name="should set another tag size" time="0.048" classname="coralui Chrome 43.0.2357 (Mac OS X 10.9.5).Coral_TagList Tag API"/>
    <testcase name="value should default to empty string" time="0.003" classname="coralui Chrome 43.0.2357 (Mac OS X 10.9.5).Coral_TagList Tag API"/>
    <testcase name="should disable and block every user interaction" time="0.044" classname="coralui Chrome 43.0.2357 (Mac OS X 10.9.5).Coral_TagList TagList API"/>
    <testcase name="should set tag property name to taglist property name" time="0.031" classname="coralui Chrome 43.0.2357 (Mac OS X 10.9.5).Coral_TagList TagList API"/>
    <testcase name="should set added tag property name to taglist property name" time="0.03" classname="coralui Chrome 43.0.2357 (Mac OS X 10.9.5).Coral_TagList TagList API"/>
    <testcase name="should submit the form with taglist values" time="0.022" classname="coralui Chrome 43.0.2357 (Mac OS X 10.9.5).Coral_TagList TagList API"/>
    <testcase name="should trigger a change event if a tag is removed by the user" time="0.021" classname="coralui Chrome 43.0.2357 (Mac OS X 10.9.5).Coral_TagList TagList API"/>
    <testcase name="should remove a focused tag on backspace" time="0.032" classname="coralui Chrome 43.0.2357 (Mac OS X 10.9.5).Coral_TagList TagList API"/>
    <testcase name="set aria-selected attribute to true to focused item" time="0.046" classname="coralui Chrome 43.0.2357 (Mac OS X 10.9.5).Coral_TagList TagList API"/>
    <testcase name="should not focus next item on tab" time="0.048" classname="coralui Chrome 43.0.2357 (Mac OS X 10.9.5).Coral_TagList TagList API"/>
    <testcase name="should set focus to next item on right" time="0.045" classname="coralui Chrome 43.0.2357 (Mac OS X 10.9.5).Coral_TagList TagList API"/>
    <testcase name="should set focus to next item on pagedown" time="0.047" classname="coralui Chrome 43.0.2357 (Mac OS X 10.9.5).Coral_TagList TagList API"/>
    <testcase name="should set focus to next item on down" time="0.048" classname="coralui Chrome 43.0.2357 (Mac OS X 10.9.5).Coral_TagList TagList API"/>
    <testcase name="should set focus to previous item on left" time="0.048" classname="coralui Chrome 43.0.2357 (Mac OS X 10.9.5).Coral_TagList TagList API"/>
    <testcase name="should set focus to previous item on pageup" time="0.056" classname="coralui Chrome 43.0.2357 (Mac OS X 10.9.5).Coral_TagList TagList API"/>
    <testcase name="should set focus to previous item on up" time="0.038" classname="coralui Chrome 43.0.2357 (Mac OS X 10.9.5).Coral_TagList TagList API"/>
    <testcase name="should create an input related to the tag item" time="0.014" classname="coralui Chrome 43.0.2357 (Mac OS X 10.9.5).Coral_TagList TagList API #value"/>
    <testcase name="should set the value to the input related to the tag" time="0.014" classname="coralui Chrome 43.0.2357 (Mac OS X 10.9.5).Coral_TagList TagList API #value"/>
    <testcase name="should be set to the label when using the the collection API" time="0.016" classname="coralui Chrome 43.0.2357 (Mac OS X 10.9.5).Coral_TagList TagList API #value"/>
    <testcase name="should not allow duplicate tag values" time="0.007" classname="coralui Chrome 43.0.2357 (Mac OS X 10.9.5).Coral_TagList TagList API #value"/>
    <testcase name="should get the first tag value" time="0.015" classname="coralui Chrome 43.0.2357 (Mac OS X 10.9.5).Coral_TagList TagList API #value"/>
    <testcase name="should clear all tags and set one tag with the provided value" time="0.015" classname="coralui Chrome 43.0.2357 (Mac OS X 10.9.5).Coral_TagList TagList API #value"/>
    <testcase name="should get an array of values" time="0.014" classname="coralui Chrome 43.0.2357 (Mac OS X 10.9.5).Coral_TagList TagList API #value"/>
    <testcase name="should clear all tags and set new tags provided by the array of values" time="0.016" classname="coralui Chrome 43.0.2357 (Mac OS X 10.9.5).Coral_TagList TagList API #value"/>
    <testcase name="#items cannot be set" time="0.01" classname="coralui Chrome 43.0.2357 (Mac OS X 10.9.5).Coral_TagList Collection API"/>
    <testcase name="triggers coral-collection:add on appendChild" time="0.022" classname="coralui Chrome 43.0.2357 (Mac OS X 10.9.5).Coral_TagList Collection API"/>
    <testcase name="triggers coral-collection:remove on removeChild" time="0.023" classname="coralui Chrome 43.0.2357 (Mac OS X 10.9.5).Coral_TagList Collection API"/>
    <testcase name="#add with before null should insert at the end" time="0.017" classname="coralui Chrome 43.0.2357 (Mac OS X 10.9.5).Coral_TagList Collection API"/>
    <testcase name="#add is able to insert before" time="0.014" classname="coralui Chrome 43.0.2357 (Mac OS X 10.9.5).Coral_TagList Collection API"/>
    <testcase name="#add should also support config" time="0.014" classname="coralui Chrome 43.0.2357 (Mac OS X 10.9.5).Coral_TagList Collection API"/>
    <testcase name="should add a tag with the right role" time="0.024" classname="coralui Chrome 43.0.2357 (Mac OS X 10.9.5).Coral_TagList Collection API"/>
    <testcase name="should remove a tag and remove its specific attributes tied to TagList" time="0.023" classname="coralui Chrome 43.0.2357 (Mac OS X 10.9.5).Coral_TagList Collection API"/>
    <testcase name="#getAll should be empty initially" time="0" classname="coralui Chrome 43.0.2357 (Mac OS X 10.9.5).Coral_TagList Collection API"/>
    <testcase name="#getAll should retrieve 1 item" time="0.015" classname="coralui Chrome 43.0.2357 (Mac OS X 10.9.5).Coral_TagList Collection API"/>
    <testcase name="#clear should remove all items" time="0.014" classname="coralui Chrome 43.0.2357 (Mac OS X 10.9.5).Coral_TagList Collection API"/>
    <testcase name="should be defined" time="0.001" classname="coralui Chrome 43.0.2357 (Mac OS X 10.9.5).Coral_Textarea namespace"/>
    <testcase name="should be possible using new" time="0.011" classname="coralui Chrome 43.0.2357 (Mac OS X 10.9.5).Coral_Textarea instantiation"/>
    <testcase name="should be possible using createElement" time="0.012" classname="coralui Chrome 43.0.2357 (Mac OS X 10.9.5).Coral_Textarea instantiation"/>
    <testcase name="should be possible using markup" time="0.015" classname="coralui Chrome 43.0.2357 (Mac OS X 10.9.5).Coral_Textarea instantiation"/>
    <testcase name="should return empty string by default" time="0" classname="coralui Chrome 43.0.2357 (Mac OS X 10.9.5).Coral_Textarea property value"/>
    <testcase name="should return empty string by default" time="0" classname="coralui Chrome 43.0.2357 (Mac OS X 10.9.5).Coral_Textarea property name"/>
    <testcase name="should be defined" time="0.001" classname="coralui Chrome 43.0.2357 (Mac OS X 10.9.5).Coral_Textfield namespace"/>
    <testcase name="should be possible using new" time="0.012" classname="coralui Chrome 43.0.2357 (Mac OS X 10.9.5).Coral_Textfield instantiation"/>
    <testcase name="should be possible using createElement" time="0.013" classname="coralui Chrome 43.0.2357 (Mac OS X 10.9.5).Coral_Textfield instantiation"/>
    <testcase name="should be possible using markup" time="0.015" classname="coralui Chrome 43.0.2357 (Mac OS X 10.9.5).Coral_Textfield instantiation"/>
    <testcase name="should return empty string by default" time="0.001" classname="coralui Chrome 43.0.2357 (Mac OS X 10.9.5).Coral_Textfield property value"/>
    <testcase name="should return empty string by default" time="0.001" classname="coralui Chrome 43.0.2357 (Mac OS X 10.9.5).Coral_Textfield property name"/>
    <testcase name="should return empty string by default" time="0" classname="coralui Chrome 43.0.2357 (Mac OS X 10.9.5).Coral_Textfield property placeholder">
      <skipped/>
    </testcase>
    <testcase name="should be defined in Coral namespace" time="0" classname="coralui Chrome 43.0.2357 (Mac OS X 10.9.5).Coral_Tooltip"/>
    <testcase name="should have correct default property values" time="0.002" classname="coralui Chrome 43.0.2357 (Mac OS X 10.9.5).Coral_Tooltip"/>
    <testcase name="should set content" time="0.008" classname="coralui Chrome 43.0.2357 (Mac OS X 10.9.5).Coral_Tooltip"/>
    <testcase name="should open when target element is focused" time="0.002" classname="coralui Chrome 43.0.2357 (Mac OS X 10.9.5).Coral_Tooltip"/>
    <testcase name="should remove and add target listeners when target changed" time="0.003" classname="coralui Chrome 43.0.2357 (Mac OS X 10.9.5).Coral_Tooltip"/>
    <testcase name="should not display the tooltip until the specified delay" time="0.002" classname="coralui Chrome 43.0.2357 (Mac OS X 10.9.5).Coral_Tooltip"/>
    <testcase name="should be hidden when focusout triggered on the target element" time="0.026" classname="coralui Chrome 43.0.2357 (Mac OS X 10.9.5).Coral_Tooltip"/>
    <testcase name="should clear any remaining timeouts when focusout triggered on the target element" time="0.013" classname="coralui Chrome 43.0.2357 (Mac OS X 10.9.5).Coral_Tooltip"/>
    <testcase name="should be hidden when mouseout triggered on the target element" time="0.014" classname="coralui Chrome 43.0.2357 (Mac OS X 10.9.5).Coral_Tooltip"/>
    <testcase name="should clear all remaining timeouts when mouseout triggered on the target element" time="0.013" classname="coralui Chrome 43.0.2357 (Mac OS X 10.9.5).Coral_Tooltip"/>
    <testcase name="should not open on target focus or mouseenter when interaction=&quot;off&quot;" time="0.003" classname="coralui Chrome 43.0.2357 (Mac OS X 10.9.5).Coral_Tooltip"/>
    <testcase name="should not open on target focus or mouseenter when interaction=&quot;off&quot;" time="0.002" classname="coralui Chrome 43.0.2357 (Mac OS X 10.9.5).Coral_Tooltip"/>
    <testcase name="should support multiple tooltips on the same target" time="0.004" classname="coralui Chrome 43.0.2357 (Mac OS X 10.9.5).Coral_Tooltip"/>
    <testcase name="should not set the tabindex attribute on a target element which already has a tabindex attribute" time="0.003" classname="coralui Chrome 43.0.2357 (Mac OS X 10.9.5).Coral_Tooltip"/>
    <testcase name="should be defined" time="0" classname="coralui Chrome 43.0.2357 (Mac OS X 10.9.5).Coral_Wait namespace"/>
    <testcase name="should be possible using new" time="0.012" classname="coralui Chrome 43.0.2357 (Mac OS X 10.9.5).Coral_Wait instantiation"/>
    <testcase name="should be initially false" time="0.008" classname="coralui Chrome 43.0.2357 (Mac OS X 10.9.5).Coral_Wait markup centered attribute"/>
    <testcase name="should set centered" time="0.016" classname="coralui Chrome 43.0.2357 (Mac OS X 10.9.5).Coral_Wait markup centered attribute"/>
    <testcase name="should transform centered to html5 attribute boolean" time="0.002" classname="coralui Chrome 43.0.2357 (Mac OS X 10.9.5).Coral_Wait markup centered attribute"/>
    <testcase name="should default to size small" time="0.001" classname="coralui Chrome 43.0.2357 (Mac OS X 10.9.5).Coral_Wait markup size attribute"/>
    <testcase name="should be able to set to large" time="0.002" classname="coralui Chrome 43.0.2357 (Mac OS X 10.9.5).Coral_Wait markup size attribute"/>
    <testcase name="should be able to set large and centered at the same time" time="0.009" classname="coralui Chrome 43.0.2357 (Mac OS X 10.9.5).Coral_Wait API"/>
    <testcase name="should default to false" time="0.015" classname="coralui Chrome 43.0.2357 (Mac OS X 10.9.5).Coral_Wait API #centered"/>
    <testcase name="should be centered" time="0.001" classname="coralui Chrome 43.0.2357 (Mac OS X 10.9.5).Coral_Wait API #centered"/>
    <testcase name="should default to small" time="0.001" classname="coralui Chrome 43.0.2357 (Mac OS X 10.9.5).Coral_Wait API #size"/>
    <testcase name="can be set to large" time="0.012" classname="coralui Chrome 43.0.2357 (Mac OS X 10.9.5).Coral_Wait API #size"/>
    <testcase name="should default to false" time="0" classname="coralui Chrome 43.0.2357 (Mac OS X 10.9.5).Coral_Wait API #hidden">
      <skipped/>
    </testcase>
    <testcase name="should hide component on false" time="0" classname="coralui Chrome 43.0.2357 (Mac OS X 10.9.5).Coral_Wait API #hidden">
      <skipped/>
    </testcase>
    <testcase name="should combine properties" time="0.001" classname="coralui Chrome 43.0.2357 (Mac OS X 10.9.5).Coral_commons #extend"/>
    <testcase name="should not overwrite properties" time="0" classname="coralui Chrome 43.0.2357 (Mac OS X 10.9.5).Coral_commons #augment"/>
    <testcase name="should support multiple source objects" time="0" classname="coralui Chrome 43.0.2357 (Mac OS X 10.9.5).Coral_commons #augment"/>
    <testcase name="should not modify source objects" time="0" classname="coralui Chrome 43.0.2357 (Mac OS X 10.9.5).Coral_commons #augment"/>
    <testcase name="should call the callback for collisions and assign its return value" time="0" classname="coralui Chrome 43.0.2357 (Mac OS X 10.9.5).Coral_commons #augment"/>
    <testcase name="should not assign the return value of the callback if it is undefined" time="0" classname="coralui Chrome 43.0.2357 (Mac OS X 10.9.5).Coral_commons #augment"/>
    <testcase name="should return unique IDs" time="0" classname="coralui Chrome 43.0.2357 (Mac OS X 10.9.5).Coral_commons #getUID"/>
    <testcase name="should set immediate properties" time="0" classname="coralui Chrome 43.0.2357 (Mac OS X 10.9.5).Coral_commons #setSubProperty"/>
    <testcase name="should assign nested properties" time="0" classname="coralui Chrome 43.0.2357 (Mac OS X 10.9.5).Coral_commons #setSubProperty"/>
    <testcase name="should get immediate properties" time="0" classname="coralui Chrome 43.0.2357 (Mac OS X 10.9.5).Coral_commons #getSubProperty"/>
    <testcase name="should get undefined immediate properties" time="0" classname="coralui Chrome 43.0.2357 (Mac OS X 10.9.5).Coral_commons #getSubProperty"/>
    <testcase name="should get nested properties" time="0" classname="coralui Chrome 43.0.2357 (Mac OS X 10.9.5).Coral_commons #getSubProperty"/>
    <testcase name="should get undefined nested properties" time="0" classname="coralui Chrome 43.0.2357 (Mac OS X 10.9.5).Coral_commons #getSubProperty"/>
    <testcase name="should swap the keys and values of an object" time="0" classname="coralui Chrome 43.0.2357 (Mac OS X 10.9.5).Coral_commons #swapKeysAndValues"/>
    <testcase name="should call all provided functions in order and return the specified index" time="0.001" classname="coralui Chrome 43.0.2357 (Mac OS X 10.9.5).Coral_commons #callAll"/>
    <testcase name="should ignore non-function arguments and assume index is relative to arguments" time="0.001" classname="coralui Chrome 43.0.2357 (Mac OS X 10.9.5).Coral_commons #callAll"/>
    <testcase name="should return the return value of the 0th function if nth not provided" time="0" classname="coralui Chrome 43.0.2357 (Mac OS X 10.9.5).Coral_commons #callAll"/>
    <testcase name="should just return the return value of the function if only one function provided" time="0" classname="coralui Chrome 43.0.2357 (Mac OS X 10.9.5).Coral_commons #callAll"/>
    <testcase name="should return the return value of the first valid function if nth argument is not a function" time="0" classname="coralui Chrome 43.0.2357 (Mac OS X 10.9.5).Coral_commons #callAll"/>
    <testcase name="should still return a function if no functions provided" time="0.001" classname="coralui Chrome 43.0.2357 (Mac OS X 10.9.5).Coral_commons #callAll"/>
    <testcase name="should call the callback immediately for native implementations of CustomElements" time="0.002" classname="coralui Chrome 43.0.2357 (Mac OS X 10.9.5).Coral_commons #ready"/>
    <testcase name="should be possible to check child components using Coral.commons.ready() method inside of _initialize() method" time="0" classname="coralui Chrome 43.0.2357 (Mac OS X 10.9.5).Coral_commons #ready"/>
    <testcase name="should be possible to use Coral.commons.ready callback synchronously for browser with native webcomponents and asynchronously for polyfills" time="0" classname="coralui Chrome 43.0.2357 (Mac OS X 10.9.5).Coral_commons #ready"/>
    <testcase name="should be possible to check child components using Coral.commons.ready() method inside of _initialize() method synchronously for chrome and asynchronously otherwise" time="0" classname="coralui Chrome 43.0.2357 (Mac OS X 10.9.5).Coral_commons #ready"/>
    <testcase name="should handle &quot;coral-component:ready&quot; callback synchronously for chrome and asynchronously for polyfills" time="0.001" classname="coralui Chrome 43.0.2357 (Mac OS X 10.9.5).Coral_commons #ready"/>
    <testcase name="should be possible to grab the right component size inside Coral.commons.ready callback" time="0.001" classname="coralui Chrome 43.0.2357 (Mac OS X 10.9.5).Coral_commons #ready"/>
    <testcase name="should be consistent to grab the component size inside Coral.commons.ready callback if component is altered on nextFrame" time="0.001" classname="coralui Chrome 43.0.2357 (Mac OS X 10.9.5).Coral_commons #ready"/>
    <testcase name="should be possible to grab the right component size only after property sync was called" time="0.013" classname="coralui Chrome 43.0.2357 (Mac OS X 10.9.5).Coral_commons #ready"/>
    <testcase name="should call the callback immediately if WebComponentsReady has been fired" time="0.001" classname="coralui Chrome 43.0.2357 (Mac OS X 10.9.5).Coral_commons #ready"/>
    <testcase name="should pass the container element to the callback" time="0.001" classname="coralui Chrome 43.0.2357 (Mac OS X 10.9.5).Coral_commons #ready"/>
    <testcase name="should pass window to the callback when no element passed" time="0.001" classname="coralui Chrome 43.0.2357 (Mac OS X 10.9.5).Coral_commons #ready"/>
    <testcase name="should call the provided callback (even if the browser does not support transitions)" time="0.144" classname="coralui Chrome 43.0.2357 (Mac OS X 10.9.5).Coral_commons #transitionEnd"/>
    <testcase name="should only call the transitionEnd callback once" time="0.203" classname="coralui Chrome 43.0.2357 (Mac OS X 10.9.5).Coral_commons #transitionEnd"/>
    <testcase name="per default transitionEnd is automatically unregistered after one callback" time="0.312" classname="coralui Chrome 43.0.2357 (Mac OS X 10.9.5).Coral_commons #transitionEnd"/>
    <testcase name="should have a numeric keycode" time="0.006" classname="coralui Chrome 43.0.2357 (Mac OS X 10.9.5).Coral_keys"/>
    <testcase name="should support single key shortcuts" time="0.005" classname="coralui Chrome 43.0.2357 (Mac OS X 10.9.5).Coral_keys"/>
    <testcase name="should not explode when keyevent originates from an element that is not in the DOM" time="0.004" classname="coralui Chrome 43.0.2357 (Mac OS X 10.9.5).Coral_keys"/>
    <testcase name="should support key combinations with modifiers" time="0.034" classname="coralui Chrome 43.0.2357 (Mac OS X 10.9.5).Coral_keys"/>
    <testcase name="should unbind a single key listener" time="0.005" classname="coralui Chrome 43.0.2357 (Mac OS X 10.9.5).Coral_keys"/>
    <testcase name="should unbind all listeners for a key" time="0.005" classname="coralui Chrome 43.0.2357 (Mac OS X 10.9.5).Coral_keys"/>
    <testcase name="should unbind multiple key combinations with modifiers" time="0.057" classname="coralui Chrome 43.0.2357 (Mac OS X 10.9.5).Coral_keys"/>
    <testcase name="should support fancy modifier keys" time="0.016" classname="coralui Chrome 43.0.2357 (Mac OS X 10.9.5).Coral_keys"/>
    <testcase name="should support listeners on F keys" time="0.035" classname="coralui Chrome 43.0.2357 (Mac OS X 10.9.5).Coral_keys"/>
    <testcase name="should support non-alphanumeric keys" time="0.04" classname="coralui Chrome 43.0.2357 (Mac OS X 10.9.5).Coral_keys"/>
    <testcase name="should support both the top row of number keys and the numeric keypad" time="0.045" classname="coralui Chrome 43.0.2357 (Mac OS X 10.9.5).Coral_keys"/>
    <testcase name="should not trigger handlers when an event originates from an input" time="0.021" classname="coralui Chrome 43.0.2357 (Mac OS X 10.9.5).Coral_keys"/>
    <testcase name="should initialize itself only when called with new" time="0.002" classname="coralui Chrome 43.0.2357 (Mac OS X 10.9.5).Coral_keys"/>
    <testcase name="should throw when not passed element to scope" time="0" classname="coralui Chrome 43.0.2357 (Mac OS X 10.9.5).Coral_keys"/>
    <testcase name="should set context correctly" time="0.004" classname="coralui Chrome 43.0.2357 (Mac OS X 10.9.5).Coral_keys"/>
    <testcase name="should be chainable" time="0.001" classname="coralui Chrome 43.0.2357 (Mac OS X 10.9.5).Coral_keys"/>
    <testcase name="should support a map of keyCombos to handlers" time="0.006" classname="coralui Chrome 43.0.2357 (Mac OS X 10.9.5).Coral_keys"/>
    <testcase name="should support a map of keyCombos to handlers with delegation" time="0.014" classname="coralui Chrome 43.0.2357 (Mac OS X 10.9.5).Coral_keys"/>
    <testcase name="should support event namespaces" time="0.013" classname="coralui Chrome 43.0.2357 (Mac OS X 10.9.5).Coral_keys"/>
    <testcase name="should remove all listeners for a given namespace when provided with only the namespace" time="0.011" classname="coralui Chrome 43.0.2357 (Mac OS X 10.9.5).Coral_keys"/>
    <testcase name="should support custom filter functions" time="0.007" classname="coralui Chrome 43.0.2357 (Mac OS X 10.9.5).Coral_keys"/>
    <testcase name="should support event delegation" time="0.009" classname="coralui Chrome 43.0.2357 (Mac OS X 10.9.5).Coral_keys"/>
    <testcase name="should set event.matchedTarget correctly" time="0.005" classname="coralui Chrome 43.0.2357 (Mac OS X 10.9.5).Coral_keys"/>
    <testcase name="should unbind delegated events" time="0.012" classname="coralui Chrome 43.0.2357 (Mac OS X 10.9.5).Coral_keys"/>
    <testcase name="should support event data" time="0.004" classname="coralui Chrome 43.0.2357 (Mac OS X 10.9.5).Coral_keys"/>
    <testcase name="should support event data with delegation" time="0.009" classname="coralui Chrome 43.0.2357 (Mac OS X 10.9.5).Coral_keys"/>
    <testcase name="should scope events to a given element" time="0.018" classname="coralui Chrome 43.0.2357 (Mac OS X 10.9.5).Coral_keys"/>
    <testcase name="should allow event delegation to immediate children" time="0.013" classname="coralui Chrome 43.0.2357 (Mac OS X 10.9.5).Coral_keys"/>
    <testcase name="should support focus shifting away from element on keydown but before keyup (CUI-3319)" time="0.005" classname="coralui Chrome 43.0.2357 (Mac OS X 10.9.5).Coral_keys"/>
    <testcase name="should support keyboard event listeners" time="0.007" classname="coralui Chrome 43.0.2357 (Mac OS X 10.9.5).Coral_keys should support keys property for Coral_Component / Coral_register"/>
    <testcase name="should support listening to global keyboard events only when attached" time="0.038" classname="coralui Chrome 43.0.2357 (Mac OS X 10.9.5).Coral_keys should support keys property for Coral_Component / Coral_register"/>
    <testcase name="should support keyboard event listeners with delegation" time="0.009" classname="coralui Chrome 43.0.2357 (Mac OS X 10.9.5).Coral_keys should support keys property for Coral_Component / Coral_register"/>
    <testcase name="should be defined in Coral.mixin namespace" time="0" classname="coralui Chrome 43.0.2357 (Mac OS X 10.9.5).Coral_mixin_formField mixin"/>
    <testcase name="should throw if required setters are not implemented" time="0.002" classname="coralui Chrome 43.0.2357 (Mac OS X 10.9.5).Coral_mixin_formField mixin"/>
    <testcase name="should not replace overridden set methods when overide: true" time="0" classname="coralui Chrome 43.0.2357 (Mac OS X 10.9.5).Coral_mixin_formField mixin"/>
    <testcase name="should not attempt to redefine name and value property if defined in prototype chain" time="0.001" classname="coralui Chrome 43.0.2357 (Mac OS X 10.9.5).Coral_mixin_formField mixin"/>
    <testcase name="should not attempt to redefine name and value property if defined in prototype chain" time="0" classname="coralui Chrome 43.0.2357 (Mac OS X 10.9.5).Coral_mixin_formField mixin"/>
    <testcase name="should be initially false" time="0.003" classname="coralui Chrome 43.0.2357 (Mac OS X 10.9.5).Coral_mixin_formField markup #disabled"/>
    <testcase name="should disable the component" time="0.016" classname="coralui Chrome 43.0.2357 (Mac OS X 10.9.5).Coral_mixin_formField markup #disabled"/>
    <testcase name="should enable the component when the attribute is removed" time="0.026" classname="coralui Chrome 43.0.2357 (Mac OS X 10.9.5).Coral_mixin_formField markup #disabled"/>
    <testcase name="should have the correct default values" time="0" classname="coralui Chrome 43.0.2357 (Mac OS X 10.9.5).Coral_mixin_formField API"/>
    <testcase name="should setAttribute name" time="0" classname="coralui Chrome 43.0.2357 (Mac OS X 10.9.5).Coral_mixin_formField API"/>
    <testcase name="should call overridden sync methods as well as mixin methods" time="0.015" classname="coralui Chrome 43.0.2357 (Mac OS X 10.9.5).Coral_mixin_formField API"/>
    <testcase name="should reflect property values as attributes" time="0.003" classname="coralui Chrome 43.0.2357 (Mac OS X 10.9.5).Coral_mixin_formField API"/>
    <testcase name="should always have a string for name" time="0.001" classname="coralui Chrome 43.0.2357 (Mac OS X 10.9.5).Coral_mixin_formField API"/>
    <testcase name="should always have a string for value" time="0" classname="coralui Chrome 43.0.2357 (Mac OS X 10.9.5).Coral_mixin_formField API"/>
    <testcase name="should reflect disabled in the markup" time="0.001" classname="coralui Chrome 43.0.2357 (Mac OS X 10.9.5).Coral_mixin_formField API"/>
    <testcase name="should convert a string to boolean in disabled" time="0" classname="coralui Chrome 43.0.2357 (Mac OS X 10.9.5).Coral_mixin_formField API"/>
    <testcase name="should label component using attribute" time="0.001" classname="coralui Chrome 43.0.2357 (Mac OS X 10.9.5).Coral_mixin_formField API #labelledBy"/>
    <testcase name="should label component using property" time="0.001" classname="coralui Chrome 43.0.2357 (Mac OS X 10.9.5).Coral_mixin_formField API #labelledBy"/>
    <testcase name="should remove labels with empty string" time="0.001" classname="coralui Chrome 43.0.2357 (Mac OS X 10.9.5).Coral_mixin_formField API #labelledBy"/>
    <testcase name="should remove old for assignments" time="0.001" classname="coralui Chrome 43.0.2357 (Mac OS X 10.9.5).Coral_mixin_formField API #labelledBy"/>
    <testcase name="should not fire change when value changed programatically" time="0" classname="coralui Chrome 43.0.2357 (Mac OS X 10.9.5).Coral_mixin_formField events"/>
    <testcase name="should fire change when input triggers change" time="0.001" classname="coralui Chrome 43.0.2357 (Mac OS X 10.9.5).Coral_mixin_formField events"/>
    <testcase name="checkbox: should not fire change when value changed" time="0.001" classname="coralui Chrome 43.0.2357 (Mac OS X 10.9.5).Coral_mixin_formField events"/>
    <testcase name="checkbox with target properties: should not fire change when value changed" time="0.001" classname="coralui Chrome 43.0.2357 (Mac OS X 10.9.5).Coral_mixin_formField events"/>
    <testcase name="checkbox: should have the correct value when event triggered" time="0.004" classname="coralui Chrome 43.0.2357 (Mac OS X 10.9.5).Coral_mixin_formField events"/>
    <testcase name="should update the value on input trigger" time="0.001" classname="coralui Chrome 43.0.2357 (Mac OS X 10.9.5).Coral_mixin_formField events"/>
    <testcase name="checkbox: should not trigger change when value is updated" time="0.001" classname="coralui Chrome 43.0.2357 (Mac OS X 10.9.5).Coral_mixin_formField events"/>
    <testcase name="checkbox: should trigger change after user interaction" time="0.002" classname="coralui Chrome 43.0.2357 (Mac OS X 10.9.5).Coral_mixin_formField events"/>
    <testcase name="checkbox: should trigger change when input is checked" time="0.001" classname="coralui Chrome 43.0.2357 (Mac OS X 10.9.5).Coral_mixin_formField events"/>
    <testcase name="checkbox with target properties: should not trigger change when value is updated" time="0" classname="coralui Chrome 43.0.2357 (Mac OS X 10.9.5).Coral_mixin_formField events">
      <skipped/>
    </testcase>
    <testcase name="checkbox with target properties: should trigger change when input is checked" time="0.001" classname="coralui Chrome 43.0.2357 (Mac OS X 10.9.5).Coral_mixin_formField events"/>
    <testcase name="should focus on previously focused element when hidden" time="0" classname="coralui Chrome 43.0.2357 (Mac OS X 10.9.5).Coral_mixin_overlay">
      <skipped/>
    </testcase>
    <testcase name="should focus on the element passed to returnFocusTo() when hidden" time="0" classname="coralui Chrome 43.0.2357 (Mac OS X 10.9.5).Coral_mixin_overlay">
      <skipped/>
    </testcase>
    <testcase name="should focus on the container when shown" time="0" classname="coralui Chrome 43.0.2357 (Mac OS X 10.9.5).Coral_mixin_overlay">
      <skipped/>
    </testcase>
    <testcase name="should keep focus on the container when focused" time="0" classname="coralui Chrome 43.0.2357 (Mac OS X 10.9.5).Coral_mixin_overlay">
      <skipped/>
    </testcase>
    <testcase name="should focus on the last focusable element when top tab capture focused" time="0" classname="coralui Chrome 43.0.2357 (Mac OS X 10.9.5).Coral_mixin_overlay">
      <skipped/>
    </testcase>
    <testcase name="should focus on the first focusable element when intermediate tab capture focused" time="0" classname="coralui Chrome 43.0.2357 (Mac OS X 10.9.5).Coral_mixin_overlay">
      <skipped/>
    </testcase>
    <testcase name="should focus on the last focusable element when last tab capture focused" time="0" classname="coralui Chrome 43.0.2357 (Mac OS X 10.9.5).Coral_mixin_overlay">
      <skipped/>
    </testcase>
    <testcase name="should not change hidden when show()/hide() called" time="0" classname="coralui Chrome 43.0.2357 (Mac OS X 10.9.5).Coral_mixin_overlay">
      <skipped/>
    </testcase>
    <testcase name="should position tabcapture elements correctly on show" time="0" classname="coralui Chrome 43.0.2357 (Mac OS X 10.9.5).Coral_mixin_overlay">
      <skipped/>
    </testcase>
    <testcase name="should position tabcapture elements correctly on show if their order is changed" time="0" classname="coralui Chrome 43.0.2357 (Mac OS X 10.9.5).Coral_mixin_overlay">
      <skipped/>
    </testcase>
    <testcase name="should appear above other overlays with a correctly positioned backdrop" time="0" classname="coralui Chrome 43.0.2357 (Mac OS X 10.9.5).Coral_mixin_overlay">
      <skipped/>
    </testcase>
    <testcase name="should not hide backdrop when multiple modal overlays are open and one is closed" time="0" classname="coralui Chrome 43.0.2357 (Mac OS X 10.9.5).Coral_mixin_overlay">
      <skipped/>
    </testcase>
    <testcase name="should correctly position the backdrop when a middle overlay is closed" time="0" classname="coralui Chrome 43.0.2357 (Mac OS X 10.9.5).Coral_mixin_overlay">
      <skipped/>
    </testcase>
    <testcase name="should hide backdrop when removed from the DOM while visible, show it again when reattached" time="0" classname="coralui Chrome 43.0.2357 (Mac OS X 10.9.5).Coral_mixin_overlay">
      <skipped/>
    </testcase>
    <testcase name="should be considered top most when attached as visible" time="0" classname="coralui Chrome 43.0.2357 (Mac OS X 10.9.5).Coral_mixin_overlay">
      <skipped/>
    </testcase>
    <testcase name="should hide when done closing" time="0" classname="coralui Chrome 43.0.2357 (Mac OS X 10.9.5).Coral_mixin_overlay">
      <skipped/>
    </testcase>
    <testcase name="should know if it is top most" time="0" classname="coralui Chrome 43.0.2357 (Mac OS X 10.9.5).Coral_mixin_overlay">
      <skipped/>
    </testcase>
    <testcase name="should call backdropClickedCallback on all overlays when backdrop clicked" time="0" classname="coralui Chrome 43.0.2357 (Mac OS X 10.9.5).Coral_mixin_overlay">
      <skipped/>
    </testcase>
    <testcase name="#getAll" time="0.001" classname="coralui Chrome 43.0.2357 (Mac OS X 10.9.5).Coral_mixin_selectionList_Collection API"/>
    <testcase name="#getSelected" time="0.001" classname="coralui Chrome 43.0.2357 (Mac OS X 10.9.5).Coral_mixin_selectionList_Collection API"/>
    <testcase name="#getSelected, with disabled item" time="0.001" classname="coralui Chrome 43.0.2357 (Mac OS X 10.9.5).Coral_mixin_selectionList_Collection API"/>
    <testcase name="#getSelected, with hidden item" time="0.001" classname="coralui Chrome 43.0.2357 (Mac OS X 10.9.5).Coral_mixin_selectionList_Collection API"/>
    <testcase name="#getFirstSelectable" time="0" classname="coralui Chrome 43.0.2357 (Mac OS X 10.9.5).Coral_mixin_selectionList_Collection API"/>
    <testcase name="#getLastSelectable" time="0" classname="coralui Chrome 43.0.2357 (Mac OS X 10.9.5).Coral_mixin_selectionList_Collection API"/>
    <testcase name="#getFirstSelected" time="0" classname="coralui Chrome 43.0.2357 (Mac OS X 10.9.5).Coral_mixin_selectionList_Collection API"/>
    <testcase name="#getLastSelected" time="0.001" classname="coralui Chrome 43.0.2357 (Mac OS X 10.9.5).Coral_mixin_selectionList_Collection API"/>
    <testcase name="#deselectAll" time="0.001" classname="coralui Chrome 43.0.2357 (Mac OS X 10.9.5).Coral_mixin_selectionList_Collection API"/>
    <testcase name="#deselectAllExceptLast" time="0.001" classname="coralui Chrome 43.0.2357 (Mac OS X 10.9.5).Coral_mixin_selectionList_Collection API"/>
    <testcase name="#deselectAllExcept" time="0.001" classname="coralui Chrome 43.0.2357 (Mac OS X 10.9.5).Coral_mixin_selectionList_Collection API"/>
    <testcase name="should return the next item in the collection" time="0.001" classname="coralui Chrome 43.0.2357 (Mac OS X 10.9.5).Coral_mixin_selectionList_Collection API #getNextSelectable with wrap=false"/>
    <testcase name="should ignore items outside of the collection" time="0.001" classname="coralui Chrome 43.0.2357 (Mac OS X 10.9.5).Coral_mixin_selectionList_Collection API #getNextSelectable with wrap=false"/>
    <testcase name="should ignore hidden items" time="0.001" classname="coralui Chrome 43.0.2357 (Mac OS X 10.9.5).Coral_mixin_selectionList_Collection API #getNextSelectable with wrap=false"/>
    <testcase name="should ignore disabled items" time="0" classname="coralui Chrome 43.0.2357 (Mac OS X 10.9.5).Coral_mixin_selectionList_Collection API #getNextSelectable with wrap=false"/>
    <testcase name="#getNextSelectable(null/undefined) should return first item" time="0.001" classname="coralui Chrome 43.0.2357 (Mac OS X 10.9.5).Coral_mixin_selectionList_Collection API #getNextSelectable with wrap=false"/>
    <testcase name="should return the next item in the collection" time="0.001" classname="coralui Chrome 43.0.2357 (Mac OS X 10.9.5).Coral_mixin_selectionList_Collection API #getNextSelectable with wrap=true"/>
    <testcase name="should ignore items outside of the collection" time="0" classname="coralui Chrome 43.0.2357 (Mac OS X 10.9.5).Coral_mixin_selectionList_Collection API #getNextSelectable with wrap=true"/>
    <testcase name="should ignore hidden items" time="0.001" classname="coralui Chrome 43.0.2357 (Mac OS X 10.9.5).Coral_mixin_selectionList_Collection API #getNextSelectable with wrap=true"/>
    <testcase name="should ignore disabled items" time="0.001" classname="coralui Chrome 43.0.2357 (Mac OS X 10.9.5).Coral_mixin_selectionList_Collection API #getNextSelectable with wrap=true"/>
    <testcase name="#getNextSelectable(null/undefined) should return first item" time="0" classname="coralui Chrome 43.0.2357 (Mac OS X 10.9.5).Coral_mixin_selectionList_Collection API #getNextSelectable with wrap=true"/>
    <testcase name="#getPreviousSelectable" time="0" classname="coralui Chrome 43.0.2357 (Mac OS X 10.9.5).Coral_mixin_selectionList_Collection API #getPreviousSelectable with wrap=false"/>
    <testcase name="#getPreviousSelectable, item not part of the collection" time="0.001" classname="coralui Chrome 43.0.2357 (Mac OS X 10.9.5).Coral_mixin_selectionList_Collection API #getPreviousSelectable with wrap=false"/>
    <testcase name="#getPreviousSelectable, with hidden item" time="0.001" classname="coralui Chrome 43.0.2357 (Mac OS X 10.9.5).Coral_mixin_selectionList_Collection API #getPreviousSelectable with wrap=false"/>
    <testcase name="#getPreviousSelectable, with disabled item" time="0.001" classname="coralui Chrome 43.0.2357 (Mac OS X 10.9.5).Coral_mixin_selectionList_Collection API #getPreviousSelectable with wrap=false"/>
    <testcase name="#getPreviousSelectable(null/undefined) should return first item" time="0" classname="coralui Chrome 43.0.2357 (Mac OS X 10.9.5).Coral_mixin_selectionList_Collection API #getPreviousSelectable with wrap=false"/>
    <testcase name="#getPreviousSelectable" time="0" classname="coralui Chrome 43.0.2357 (Mac OS X 10.9.5).Coral_mixin_selectionList_Collection API #getPreviousSelectable with wrap=true"/>
    <testcase name="#getPreviousSelectable, item not part of the collection" time="0.001" classname="coralui Chrome 43.0.2357 (Mac OS X 10.9.5).Coral_mixin_selectionList_Collection API #getPreviousSelectable with wrap=true"/>
    <testcase name="#getPreviousSelectable, with hidden item" time="0.001" classname="coralui Chrome 43.0.2357 (Mac OS X 10.9.5).Coral_mixin_selectionList_Collection API #getPreviousSelectable with wrap=true"/>
    <testcase name="#getPreviousSelectable, with disabled item" time="0.001" classname="coralui Chrome 43.0.2357 (Mac OS X 10.9.5).Coral_mixin_selectionList_Collection API #getPreviousSelectable with wrap=true"/>
    <testcase name="#getPreviousSelectable(null/undefined) should return first item" time="0.001" classname="coralui Chrome 43.0.2357 (Mac OS X 10.9.5).Coral_mixin_selectionList_Collection API #getPreviousSelectable with wrap=true"/>
    <testcase name="should be defined in Coral.mixin namespace" time="0" classname="coralui Chrome 43.0.2357 (Mac OS X 10.9.5).Coral_mixin_selectionList mixin"/>
    <testcase name="should add an item with the right role" time="0.031" classname="coralui Chrome 43.0.2357 (Mac OS X 10.9.5).Coral_mixin_selectionList mixin API"/>
    <testcase name="should remove an item" time="0.031" classname="coralui Chrome 43.0.2357 (Mac OS X 10.9.5).Coral_mixin_selectionList mixin API"/>
    <testcase name="should remove an item, nested" time="0.031" classname="coralui Chrome 43.0.2357 (Mac OS X 10.9.5).Coral_mixin_selectionList mixin API"/>
    <testcase name="should remove double set selection at init time" time="0.012" classname="coralui Chrome 43.0.2357 (Mac OS X 10.9.5).Coral_mixin_selectionList single mode"/>
    <testcase name="should set the first item selected" time="0.013" classname="coralui Chrome 43.0.2357 (Mac OS X 10.9.5).Coral_mixin_selectionList forced selection"/>
    <testcase name="disabling should make it unselected" time="0.001" classname="coralui Chrome 43.0.2357 (Mac OS X 10.9.5).Coral_mixin_selectionList selection"/>
    <testcase name="should return the correct parent" time="0.001" classname="coralui Chrome 43.0.2357 (Mac OS X 10.9.5).Coral_mixin_selectionList (private) _getSelectionList"/>
    <testcase name="#items cannot be set" time="0.01" classname="coralui Chrome 43.0.2357 (Mac OS X 10.9.5).Coral_mixin_selectionList coral-selectionlist-example API"/>
    <testcase name="#items should default to 0" time="0" classname="coralui Chrome 43.0.2357 (Mac OS X 10.9.5).Coral_mixin_selectionList coral-selectionlist-example API"/>
    <testcase name="#set multiple should return set value" time="0" classname="coralui Chrome 43.0.2357 (Mac OS X 10.9.5).Coral_mixin_selectionList coral-selectionlist-example API"/>
    <testcase name="triggers coral-collection:add on appendChild" time="0.011" classname="coralui Chrome 43.0.2357 (Mac OS X 10.9.5).Coral_mixin_selectionList coral-selectionlist-example API"/>
    <testcase name="triggers coral-collection:remove on removeChild" time="0.028" classname="coralui Chrome 43.0.2357 (Mac OS X 10.9.5).Coral_mixin_selectionList coral-selectionlist-example API"/>
    <testcase name="#add should support config to create an item" time="0.015" classname="coralui Chrome 43.0.2357 (Mac OS X 10.9.5).Coral_mixin_selectionList coral-selectionlist-example API"/>
    <testcase name="#add with before null should insert at the end" time="0.009" classname="coralui Chrome 43.0.2357 (Mac OS X 10.9.5).Coral_mixin_selectionList coral-selectionlist-example API"/>
    <testcase name="#add is able to insert before" time="0.011" classname="coralui Chrome 43.0.2357 (Mac OS X 10.9.5).Coral_mixin_selectionList coral-selectionlist-example API"/>
    <testcase name="#getAll should be empty initially" time="0" classname="coralui Chrome 43.0.2357 (Mac OS X 10.9.5).Coral_mixin_selectionList coral-selectionlist-example API"/>
    <testcase name="#clear should remove all items" time="0.027" classname="coralui Chrome 43.0.2357 (Mac OS X 10.9.5).Coral_mixin_selectionList coral-selectionlist-example API"/>
    <testcase name="should default to null" time="0.001" classname="coralui Chrome 43.0.2357 (Mac OS X 10.9.5).Coral_mixin_selectionList coral-selectionlist-example API #selectedItem"/>
    <testcase name="should take the last selected if not multiple, post init" time="0.025" classname="coralui Chrome 43.0.2357 (Mac OS X 10.9.5).Coral_mixin_selectionList coral-selectionlist-example API #selectedItem"/>
    <testcase name="should take the first selected on multiple, post init" time="0.028" classname="coralui Chrome 43.0.2357 (Mac OS X 10.9.5).Coral_mixin_selectionList coral-selectionlist-example API #selectedItem"/>
    <testcase name="should return the created component" time="0" classname="coralui Chrome 43.0.2357 (Mac OS X 10.9.5).Coral_register"/>
    <testcase name="should set default property values" time="0.001" classname="coralui Chrome 43.0.2357 (Mac OS X 10.9.5).Coral_register"/>
    <testcase name="should support overriding just the default value of a property" time="0.004" classname="coralui Chrome 43.0.2357 (Mac OS X 10.9.5).Coral_register"/>
    <testcase name="should have correct default value for non-overriden properties" time="0" classname="coralui Chrome 43.0.2357 (Mac OS X 10.9.5).Coral_register"/>
    <testcase name="should support overriding the set and sync methods of property descriptor" time="0.003" classname="coralui Chrome 43.0.2357 (Mac OS X 10.9.5).Coral_register"/>
    <testcase name="should support mixins that add/modify properties on components with no properties" time="0" classname="coralui Chrome 43.0.2357 (Mac OS X 10.9.5).Coral_register"/>
    <testcase name="should support overriding the set and sync methods of property descriptor with mixins" time="0.008" classname="coralui Chrome 43.0.2357 (Mac OS X 10.9.5).Coral_register"/>
    <testcase name="should have correct default values for non-overriden properties when overriding mixin used" time="0" classname="coralui Chrome 43.0.2357 (Mac OS X 10.9.5).Coral_register"/>
    <testcase name="should support overriding the set and sync methods of property descriptor with components that force override" time="0.016" classname="coralui Chrome 43.0.2357 (Mac OS X 10.9.5).Coral_register"/>
    <testcase name="should support synchronous proxied properties" time="0.002" classname="coralui Chrome 43.0.2357 (Mac OS X 10.9.5).Coral_register"/>
    <testcase name="should support asynchronous proxied properties" time="0.011" classname="coralui Chrome 43.0.2357 (Mac OS X 10.9.5).Coral_register"/>
    <testcase name="should support synchronous proxied string attributes" time="0.002" classname="coralui Chrome 43.0.2357 (Mac OS X 10.9.5).Coral_register"/>
    <testcase name="should support synchronous proxied boolean attributes" time="0.003" classname="coralui Chrome 43.0.2357 (Mac OS X 10.9.5).Coral_register"/>
    <testcase name="should support all Coral~PropertyDescriptor options at once" time="0.011" classname="coralui Chrome 43.0.2357 (Mac OS X 10.9.5).Coral_register"/>
    <testcase name="should support validate as an array" time="0.003" classname="coralui Chrome 43.0.2357 (Mac OS X 10.9.5).Coral_register"/>
    <testcase name="should call both sync and set methods if provided" time="0.002" classname="coralui Chrome 43.0.2357 (Mac OS X 10.9.5).Coral_register #augmentProperties"/>
    <testcase name="should use the destination value in all other cases" time="0" classname="coralui Chrome 43.0.2357 (Mac OS X 10.9.5).Coral_register #augmentProperties"/>
    <testcase name="should use all source values if descriptor.override = true" time="0.001" classname="coralui Chrome 43.0.2357 (Mac OS X 10.9.5).Coral_register #augmentProperties"/>
    <testcase name="should support custom collision handler" time="0" classname="coralui Chrome 43.0.2357 (Mac OS X 10.9.5).Coral_register #augmentProperties"/>
    <testcase name="should support object mixins" time="0" classname="coralui Chrome 43.0.2357 (Mac OS X 10.9.5).Coral_register mixins"/>
    <testcase name="should support functional mixins and pass options to them" time="0.001" classname="coralui Chrome 43.0.2357 (Mac OS X 10.9.5).Coral_register mixins"/>
    <testcase name="should support a mixed array of object and functional mixins and should pass options" time="0" classname="coralui Chrome 43.0.2357 (Mac OS X 10.9.5).Coral_register mixins"/>
    <testcase name="should support trigger and triggerBefore as functions" time="0.001" classname="coralui Chrome 43.0.2357 (Mac OS X 10.9.5).Coral_register event triggers"/>
    <testcase name="should support trigger and triggerBefore as strings" time="0.001" classname="coralui Chrome 43.0.2357 (Mac OS X 10.9.5).Coral_register event triggers"/>
    <testcase name="should support trigger as string and triggerBefore = true" time="0.001" classname="coralui Chrome 43.0.2357 (Mac OS X 10.9.5).Coral_register event triggers"/>
    <testcase name="should support preventDefault when triggerBefore = true" time="0.001" classname="coralui Chrome 43.0.2357 (Mac OS X 10.9.5).Coral_register event triggers"/>
    <testcase name="should not allow triggerBefore = true without trigger" time="0" classname="coralui Chrome 43.0.2357 (Mac OS X 10.9.5).Coral_register event triggers"/>
    <testcase name="should not allow triggerBefore = true with trigger as function" time="0.001" classname="coralui Chrome 43.0.2357 (Mac OS X 10.9.5).Coral_register event triggers"/>
    <testcase name="should not allow triggerBefore = true with trigger as invalid string" time="0" classname="coralui Chrome 43.0.2357 (Mac OS X 10.9.5).Coral_register event triggers"/>
    <testcase name="should have transform under Coral" time="0" classname="coralui Chrome 43.0.2357 (Mac OS X 10.9.5).Coral_transform"/>
    <testcase name="should have Coral.transform.boolean defined" time="0" classname="coralui Chrome 43.0.2357 (Mac OS X 10.9.5).Coral_transform Coral_transform_boolean"/>
    <testcase name="should accept empty string as false" time="0" classname="coralui Chrome 43.0.2357 (Mac OS X 10.9.5).Coral_transform Coral_transform_boolean"/>
    <testcase name="should accept &quot;true&quot; as true" time="0" classname="coralui Chrome 43.0.2357 (Mac OS X 10.9.5).Coral_transform Coral_transform_boolean"/>
    <testcase name="should accept &quot;false&quot; as true" time="0" classname="coralui Chrome 43.0.2357 (Mac OS X 10.9.5).Coral_transform Coral_transform_boolean"/>
    <testcase name="should accept null as false" time="0" classname="coralui Chrome 43.0.2357 (Mac OS X 10.9.5).Coral_transform Coral_transform_boolean"/>
    <testcase name="should accept undefined as false" time="0" classname="coralui Chrome 43.0.2357 (Mac OS X 10.9.5).Coral_transform Coral_transform_boolean"/>
    <testcase name="should accept false as false" time="0" classname="coralui Chrome 43.0.2357 (Mac OS X 10.9.5).Coral_transform Coral_transform_boolean"/>
    <testcase name="should accept true as true" time="0" classname="coralui Chrome 43.0.2357 (Mac OS X 10.9.5).Coral_transform Coral_transform_boolean"/>
    <testcase name="should accept a 0 as false" time="0" classname="coralui Chrome 43.0.2357 (Mac OS X 10.9.5).Coral_transform Coral_transform_boolean"/>
    <testcase name="should accept any other number as true" time="0.001" classname="coralui Chrome 43.0.2357 (Mac OS X 10.9.5).Coral_transform Coral_transform_boolean"/>
    <testcase name="should accept truthy as true" time="0" classname="coralui Chrome 43.0.2357 (Mac OS X 10.9.5).Coral_transform Coral_transform_boolean"/>
    <testcase name="should accept truthy as true" time="0" classname="coralui Chrome 43.0.2357 (Mac OS X 10.9.5).Coral_transform Coral_transform_boolean"/>
    <testcase name="should have Coral.transform.booleanAttr defined" time="0" classname="coralui Chrome 43.0.2357 (Mac OS X 10.9.5).Coral_transform Coral_transform_booleanAttr"/>
    <testcase name="should accept empty string as true" time="0" classname="coralui Chrome 43.0.2357 (Mac OS X 10.9.5).Coral_transform Coral_transform_booleanAttr"/>
    <testcase name="should accept &quot;true&quot; as true" time="0" classname="coralui Chrome 43.0.2357 (Mac OS X 10.9.5).Coral_transform Coral_transform_booleanAttr"/>
    <testcase name="should accept &quot;false&quot; as true" time="0" classname="coralui Chrome 43.0.2357 (Mac OS X 10.9.5).Coral_transform Coral_transform_booleanAttr"/>
    <testcase name="should accept null as false" time="0" classname="coralui Chrome 43.0.2357 (Mac OS X 10.9.5).Coral_transform Coral_transform_booleanAttr"/>
    <testcase name="should accept undefined as false" time="0" classname="coralui Chrome 43.0.2357 (Mac OS X 10.9.5).Coral_transform Coral_transform_booleanAttr"/>
    <testcase name="should accept false as true" time="0" classname="coralui Chrome 43.0.2357 (Mac OS X 10.9.5).Coral_transform Coral_transform_booleanAttr"/>
    <testcase name="should accept true as true" time="0" classname="coralui Chrome 43.0.2357 (Mac OS X 10.9.5).Coral_transform Coral_transform_booleanAttr"/>
    <testcase name="should accept a 0 as true" time="0" classname="coralui Chrome 43.0.2357 (Mac OS X 10.9.5).Coral_transform Coral_transform_booleanAttr"/>
    <testcase name="should accept any other number as true" time="0" classname="coralui Chrome 43.0.2357 (Mac OS X 10.9.5).Coral_transform Coral_transform_booleanAttr"/>
    <testcase name="should have Coral.transfor.number defined" time="0" classname="coralui Chrome 43.0.2357 (Mac OS X 10.9.5).Coral_transform Coral_transform_number"/>
    <testcase name="should accept 0" time="0" classname="coralui Chrome 43.0.2357 (Mac OS X 10.9.5).Coral_transform Coral_transform_number"/>
    <testcase name="should accept numbers" time="0" classname="coralui Chrome 43.0.2357 (Mac OS X 10.9.5).Coral_transform Coral_transform_number"/>
    <testcase name="should accept negative numbers" time="0" classname="coralui Chrome 43.0.2357 (Mac OS X 10.9.5).Coral_transform Coral_transform_number"/>
    <testcase name="should accept floats" time="0" classname="coralui Chrome 43.0.2357 (Mac OS X 10.9.5).Coral_transform Coral_transform_number"/>
    <testcase name="should accept negative floats" time="0.001" classname="coralui Chrome 43.0.2357 (Mac OS X 10.9.5).Coral_transform Coral_transform_number"/>
    <testcase name="should return null for non numbers" time="0" classname="coralui Chrome 43.0.2357 (Mac OS X 10.9.5).Coral_transform Coral_transform_number"/>
    <testcase name="should accept numbers" time="0" classname="coralui Chrome 43.0.2357 (Mac OS X 10.9.5).Coral_transform Coral_transform_number"/>
    <testcase name="should accept negative numbers" time="0" classname="coralui Chrome 43.0.2357 (Mac OS X 10.9.5).Coral_transform Coral_transform_number"/>
    <testcase name="should return null when given null" time="0" classname="coralui Chrome 43.0.2357 (Mac OS X 10.9.5).Coral_transform Coral_transform_number"/>
    <testcase name="should null when given empty string" time="0.001" classname="coralui Chrome 43.0.2357 (Mac OS X 10.9.5).Coral_transform Coral_transform_number"/>
    <testcase name="should have Coral.transfor.string defined" time="0" classname="coralui Chrome 43.0.2357 (Mac OS X 10.9.5).Coral_transform Coral_transform_string"/>
    <testcase name="should accept 0" time="0.001" classname="coralui Chrome 43.0.2357 (Mac OS X 10.9.5).Coral_transform Coral_transform_string"/>
    <testcase name="should accept numbers" time="0" classname="coralui Chrome 43.0.2357 (Mac OS X 10.9.5).Coral_transform Coral_transform_string"/>
    <testcase name="should accept floats" time="0" classname="coralui Chrome 43.0.2357 (Mac OS X 10.9.5).Coral_transform Coral_transform_string"/>
    <testcase name="should return &quot;&quot; when given null" time="0" classname="coralui Chrome 43.0.2357 (Mac OS X 10.9.5).Coral_transform Coral_transform_string"/>
    <testcase name="should return &quot;&quot; when given undefined" time="0.001" classname="coralui Chrome 43.0.2357 (Mac OS X 10.9.5).Coral_transform Coral_transform_string"/>
    <testcase name="should accept booleans" time="0" classname="coralui Chrome 43.0.2357 (Mac OS X 10.9.5).Coral_transform Coral_transform_string"/>
    <testcase name="should accept strings" time="0" classname="coralui Chrome 43.0.2357 (Mac OS X 10.9.5).Coral_transform Coral_transform_string"/>
    <testcase name="should have Coral.transfor.float defined" time="0" classname="coralui Chrome 43.0.2357 (Mac OS X 10.9.5).Coral_transform Coral_transform_float"/>
    <testcase name="should accept numbers" time="0" classname="coralui Chrome 43.0.2357 (Mac OS X 10.9.5).Coral_transform Coral_transform_float"/>
    <testcase name="should accept negative numbers" time="0" classname="coralui Chrome 43.0.2357 (Mac OS X 10.9.5).Coral_transform Coral_transform_float"/>
    <testcase name="should accept floats" time="0" classname="coralui Chrome 43.0.2357 (Mac OS X 10.9.5).Coral_transform Coral_transform_float"/>
    <testcase name="should return null for invalid numbers" time="0" classname="coralui Chrome 43.0.2357 (Mac OS X 10.9.5).Coral_transform Coral_transform_float"/>
    <testcase name="should accept negative floats" time="0" classname="coralui Chrome 43.0.2357 (Mac OS X 10.9.5).Coral_transform Coral_transform_float"/>
    <testcase name="should return null for non numbers" time="0" classname="coralui Chrome 43.0.2357 (Mac OS X 10.9.5).Coral_transform Coral_transform_float"/>
    <testcase name="should return null when given null" time="0" classname="coralui Chrome 43.0.2357 (Mac OS X 10.9.5).Coral_transform Coral_transform_float"/>
    <testcase name="should return null when given empty string" time="0" classname="coralui Chrome 43.0.2357 (Mac OS X 10.9.5).Coral_transform Coral_transform_float"/>
    <testcase name="should have validate under Coral" time="0" classname="coralui Chrome 43.0.2357 (Mac OS X 10.9.5).Coral_validate"/>
    <testcase name="should have Coral.validate.valueMustChange defined" time="0" classname="coralui Chrome 43.0.2357 (Mac OS X 10.9.5).Coral_validate Coral_validate_valueMustChange"/>
    <testcase name="should return false if values are equal" time="0" classname="coralui Chrome 43.0.2357 (Mac OS X 10.9.5).Coral_validate Coral_validate_valueMustChange"/>
    <testcase name="should return false on equivalent strings" time="0" classname="coralui Chrome 43.0.2357 (Mac OS X 10.9.5).Coral_validate Coral_validate_valueMustChange"/>
    <testcase name="should return true on different strings" time="0" classname="coralui Chrome 43.0.2357 (Mac OS X 10.9.5).Coral_validate Coral_validate_valueMustChange"/>
    <testcase name="should return true on different numbers" time="0" classname="coralui Chrome 43.0.2357 (Mac OS X 10.9.5).Coral_validate Coral_validate_valueMustChange"/>
    <testcase name="should return true on different booleans" time="0" classname="coralui Chrome 43.0.2357 (Mac OS X 10.9.5).Coral_validate Coral_validate_valueMustChange"/>
    <testcase name="should return false on equivalent booleans" time="0" classname="coralui Chrome 43.0.2357 (Mac OS X 10.9.5).Coral_validate Coral_validate_valueMustChange"/>
    <testcase name="should have Coral.validate.enumeration defined" time="0" classname="coralui Chrome 43.0.2357 (Mac OS X 10.9.5).Coral_validate Coral_validate_enumeration"/>
    <testcase name="should support key/value enums" time="0" classname="coralui Chrome 43.0.2357 (Mac OS X 10.9.5).Coral_validate Coral_validate_enumeration"/>
    <testcase name="should be case sensitive" time="0" classname="coralui Chrome 43.0.2357 (Mac OS X 10.9.5).Coral_validate Coral_validate_enumeration"/>
    <testcase name="should support arrays" time="0" classname="coralui Chrome 43.0.2357 (Mac OS X 10.9.5).Coral_validate Coral_validate_enumeration"/>
    <testcase name="should defaulted to false" time="0" classname="coralui Chrome 43.0.2357 (Mac OS X 10.9.5).HTMLElement#hidden"/>
    <testcase name="should be settable to truthy/falsy" time="0" classname="coralui Chrome 43.0.2357 (Mac OS X 10.9.5).HTMLElement#hidden"/>
    <system-out><![CDATA[Chrome 43.0.2357 (Mac OS X 10.9.5) WARN: 'Coral.Autocomplete: Did not have content for value %s', 'abc'
,Chrome 43.0.2357 (Mac OS X 10.9.5) WARN: 'Coral.Autocomplete: Did not have content for value %s', 'def'

]]></system-out>
    <system-err/>
  </testsuite>
</testsuites>
